{"/Users/guilhermebarros/Documents/Coding/Cortex Cash/lib/backup/backup.service.ts": {"path":"/Users/guilhermebarros/Documents/Coding/Cortex Cash/lib/backup/backup.service.ts","statementMap":{"0":{"start":{"line":17,"column":20},"end":{"line":17,"column":null}},"1":{"start":{"line":18,"column":23},"end":{"line":18,"column":null}},"2":{"start":{"line":21,"column":19},"end":{"line":34,"column":null}},"3":{"start":{"line":42,"column":51},"end":{"line":42,"column":null}},"4":{"start":{"line":44,"column":2},"end":{"line":79,"column":null}},"5":{"start":{"line":45,"column":10},"end":{"line":45,"column":null}},"6":{"start":{"line":46,"column":40},"end":{"line":46,"column":null}},"7":{"start":{"line":47,"column":23},"end":{"line":47,"column":null}},"8":{"start":{"line":50,"column":4},"end":{"line":60,"column":null}},"9":{"start":{"line":51,"column":21},"end":{"line":51,"column":null}},"10":{"start":{"line":52,"column":6},"end":{"line":55,"column":null}},"11":{"start":{"line":53,"column":8},"end":{"line":53,"column":null}},"12":{"start":{"line":54,"column":8},"end":{"line":54,"column":null}},"13":{"start":{"line":57,"column":22},"end":{"line":57,"column":null}},"14":{"start":{"line":58,"column":6},"end":{"line":58,"column":null}},"15":{"start":{"line":59,"column":6},"end":{"line":59,"column":null}},"16":{"start":{"line":62,"column":37},"end":{"line":68,"column":null}},"17":{"start":{"line":70,"column":4},"end":{"line":73,"column":null}},"18":{"start":{"line":75,"column":4},"end":{"line":75,"column":null}},"19":{"start":{"line":76,"column":4},"end":{"line":78,"column":null}},"20":{"start":{"line":86,"column":2},"end":{"line":107,"column":null}},"21":{"start":{"line":87,"column":19},"end":{"line":87,"column":null}},"22":{"start":{"line":88,"column":17},"end":{"line":88,"column":null}},"23":{"start":{"line":89,"column":17},"end":{"line":89,"column":null}},"24":{"start":{"line":90,"column":16},"end":{"line":90,"column":null}},"25":{"start":{"line":92,"column":10},"end":{"line":92,"column":null}},"26":{"start":{"line":93,"column":21},"end":{"line":93,"column":null}},"27":{"start":{"line":95,"column":17},"end":{"line":95,"column":null}},"28":{"start":{"line":96,"column":4},"end":{"line":96,"column":null}},"29":{"start":{"line":97,"column":4},"end":{"line":97,"column":null}},"30":{"start":{"line":98,"column":4},"end":{"line":98,"column":null}},"31":{"start":{"line":99,"column":4},"end":{"line":99,"column":null}},"32":{"start":{"line":100,"column":4},"end":{"line":100,"column":null}},"33":{"start":{"line":101,"column":4},"end":{"line":101,"column":null}},"34":{"start":{"line":103,"column":4},"end":{"line":103,"column":null}},"35":{"start":{"line":104,"column":4},"end":{"line":106,"column":null}},"36":{"start":{"line":116,"column":27},"end":{"line":116,"column":null}},"37":{"start":{"line":117,"column":29},"end":{"line":117,"column":null}},"38":{"start":{"line":120,"column":2},"end":{"line":126,"column":null}},"39":{"start":{"line":121,"column":4},"end":{"line":125,"column":null}},"40":{"start":{"line":129,"column":2},"end":{"line":143,"column":null}},"41":{"start":{"line":130,"column":4},"end":{"line":130,"column":null}},"42":{"start":{"line":132,"column":69},"end":{"line":132,"column":null}},"43":{"start":{"line":134,"column":4},"end":{"line":134,"column":null}},"44":{"start":{"line":134,"column":18},"end":{"line":134,"column":null}},"45":{"start":{"line":135,"column":4},"end":{"line":135,"column":null}},"46":{"start":{"line":135,"column":20},"end":{"line":135,"column":null}},"47":{"start":{"line":136,"column":4},"end":{"line":136,"column":null}},"48":{"start":{"line":136,"column":43},"end":{"line":136,"column":null}},"49":{"start":{"line":137,"column":4},"end":{"line":137,"column":null}},"50":{"start":{"line":137,"column":42},"end":{"line":137,"column":null}},"51":{"start":{"line":138,"column":4},"end":{"line":138,"column":null}},"52":{"start":{"line":138,"column":21},"end":{"line":138,"column":null}},"53":{"start":{"line":140,"column":4},"end":{"line":142,"column":null}},"54":{"start":{"line":141,"column":6},"end":{"line":141,"column":null}},"55":{"start":{"line":146,"column":2},"end":{"line":162,"column":null}},"56":{"start":{"line":147,"column":4},"end":{"line":147,"column":null}},"57":{"start":{"line":148,"column":2},"end":{"line":162,"column":null}},"58":{"start":{"line":149,"column":4},"end":{"line":149,"column":null}},"59":{"start":{"line":151,"column":23},"end":{"line":151,"column":null}},"60":{"start":{"line":152,"column":4},"end":{"line":154,"column":null}},"61":{"start":{"line":153,"column":6},"end":{"line":153,"column":null}},"62":{"start":{"line":157,"column":4},"end":{"line":161,"column":null}},"63":{"start":{"line":158,"column":6},"end":{"line":160,"column":null}},"64":{"start":{"line":159,"column":8},"end":{"line":159,"column":null}},"65":{"start":{"line":164,"column":2},"end":{"line":169,"column":null}},"66":{"start":{"line":179,"column":31},"end":{"line":186,"column":null}},"67":{"start":{"line":188,"column":2},"end":{"line":265,"column":null}},"68":{"start":{"line":190,"column":4},"end":{"line":198,"column":null}},"69":{"start":{"line":191,"column":25},"end":{"line":191,"column":null}},"70":{"start":{"line":192,"column":6},"end":{"line":196,"column":null}},"71":{"start":{"line":193,"column":8},"end":{"line":193,"column":null}},"72":{"start":{"line":194,"column":8},"end":{"line":194,"column":null}},"73":{"start":{"line":195,"column":8},"end":{"line":195,"column":null}},"74":{"start":{"line":197,"column":6},"end":{"line":197,"column":null}},"75":{"start":{"line":201,"column":4},"end":{"line":205,"column":null}},"76":{"start":{"line":202,"column":6},"end":{"line":202,"column":null}},"77":{"start":{"line":203,"column":6},"end":{"line":203,"column":null}},"78":{"start":{"line":204,"column":6},"end":{"line":204,"column":null}},"79":{"start":{"line":207,"column":10},"end":{"line":207,"column":null}},"80":{"start":{"line":210,"column":4},"end":{"line":256,"column":null}},"81":{"start":{"line":211,"column":21},"end":{"line":211,"column":null}},"82":{"start":{"line":212,"column":6},"end":{"line":215,"column":null}},"83":{"start":{"line":213,"column":8},"end":{"line":213,"column":null}},"84":{"start":{"line":214,"column":8},"end":{"line":214,"column":null}},"85":{"start":{"line":217,"column":21},"end":{"line":217,"column":null}},"86":{"start":{"line":218,"column":20},"end":{"line":218,"column":null}},"87":{"start":{"line":220,"column":6},"end":{"line":255,"column":null}},"88":{"start":{"line":221,"column":8},"end":{"line":224,"column":null}},"89":{"start":{"line":223,"column":10},"end":{"line":223,"column":null}},"90":{"start":{"line":227,"column":8},"end":{"line":246,"column":null}},"91":{"start":{"line":228,"column":10},"end":{"line":245,"column":null}},"92":{"start":{"line":229,"column":12},"end":{"line":236,"column":null}},"93":{"start":{"line":231,"column":31},"end":{"line":231,"column":null}},"94":{"start":{"line":232,"column":14},"end":{"line":235,"column":null}},"95":{"start":{"line":233,"column":16},"end":{"line":233,"column":null}},"96":{"start":{"line":234,"column":16},"end":{"line":234,"column":null}},"97":{"start":{"line":238,"column":12},"end":{"line":238,"column":null}},"98":{"start":{"line":239,"column":12},"end":{"line":239,"column":null}},"99":{"start":{"line":241,"column":12},"end":{"line":241,"column":null}},"100":{"start":{"line":242,"column":12},"end":{"line":244,"column":null}},"101":{"start":{"line":248,"column":8},"end":{"line":248,"column":null}},"102":{"start":{"line":249,"column":8},"end":{"line":249,"column":null}},"103":{"start":{"line":250,"column":8},"end":{"line":250,"column":null}},"104":{"start":{"line":252,"column":8},"end":{"line":254,"column":null}},"105":{"start":{"line":258,"column":4},"end":{"line":258,"column":null}},"106":{"start":{"line":259,"column":4},"end":{"line":259,"column":null}},"107":{"start":{"line":261,"column":4},"end":{"line":263,"column":null}},"108":{"start":{"line":264,"column":4},"end":{"line":264,"column":null}},"109":{"start":{"line":272,"column":2},"end":{"line":288,"column":null}},"110":{"start":{"line":273,"column":17},"end":{"line":273,"column":null}},"111":{"start":{"line":274,"column":17},"end":{"line":274,"column":null}},"112":{"start":{"line":277,"column":23},"end":{"line":277,"column":null}},"113":{"start":{"line":278,"column":4},"end":{"line":280,"column":null}},"114":{"start":{"line":279,"column":6},"end":{"line":279,"column":null}},"115":{"start":{"line":282,"column":4},"end":{"line":282,"column":null}},"116":{"start":{"line":284,"column":4},"end":{"line":286,"column":null}},"117":{"start":{"line":285,"column":6},"end":{"line":285,"column":null}},"118":{"start":{"line":287,"column":4},"end":{"line":287,"column":null}},"119":{"start":{"line":299,"column":21},"end":{"line":299,"column":null}},"120":{"start":{"line":300,"column":21},"end":{"line":300,"column":null}},"121":{"start":{"line":302,"column":22},"end":{"line":302,"column":null}},"122":{"start":{"line":304,"column":4},"end":{"line":308,"column":null}},"123":{"start":{"line":310,"column":2},"end":{"line":314,"column":null}},"124":{"start":{"line":321,"column":8},"end":{"line":321,"column":null}},"125":{"start":{"line":323,"column":2},"end":{"line":328,"column":null}},"126":{"start":{"line":324,"column":19},"end":{"line":324,"column":null}},"127":{"start":{"line":325,"column":4},"end":{"line":327,"column":null}},"128":{"start":{"line":326,"column":6},"end":{"line":326,"column":null}}},"fnMap":{"0":{"name":"exportDatabase","decl":{"start":{"line":39,"column":22},"end":{"line":39,"column":null}},"loc":{"start":{"line":41,"column":23},"end":{"line":80,"column":null}},"line":41},"1":{"name":"downloadBackup","decl":{"start":{"line":85,"column":22},"end":{"line":85,"column":37}},"loc":{"start":{"line":85,"column":81},"end":{"line":108,"column":null}},"line":85},"2":{"name":"validateBackup","decl":{"start":{"line":113,"column":16},"end":{"line":113,"column":null}},"loc":{"start":{"line":115,"column":26},"end":{"line":170,"column":null}},"line":115},"3":{"name":"importDatabase","decl":{"start":{"line":175,"column":22},"end":{"line":175,"column":null}},"loc":{"start":{"line":178,"column":25},"end":{"line":266,"column":null}},"line":178},"4":{"name":"loadBackupFile","decl":{"start":{"line":271,"column":22},"end":{"line":271,"column":37}},"loc":{"start":{"line":271,"column":70},"end":{"line":289,"column":null}},"line":271},"5":{"name":"getBackupInfo","decl":{"start":{"line":294,"column":22},"end":{"line":294,"column":36}},"loc":{"start":{"line":298,"column":3},"end":{"line":315,"column":null}},"line":298},"6":{"name":"clearAllData","decl":{"start":{"line":320,"column":22},"end":{"line":320,"column":52}},"loc":{"start":{"line":320,"column":52},"end":{"line":329,"column":null}},"line":320}},"branchMap":{"0":{"loc":{"start":{"line":40,"column":2},"end":{"line":40,"column":null}},"type":"default-arg","locations":[{"start":{"line":40,"column":27},"end":{"line":40,"column":null}}],"line":40},"1":{"loc":{"start":{"line":42,"column":10},"end":{"line":42,"column":31}},"type":"default-arg","locations":[{"start":{"line":42,"column":19},"end":{"line":42,"column":31}}],"line":42},"2":{"loc":{"start":{"line":42,"column":31},"end":{"line":42,"column":47}},"type":"default-arg","locations":[{"start":{"line":42,"column":42},"end":{"line":42,"column":47}}],"line":42},"3":{"loc":{"start":{"line":52,"column":6},"end":{"line":55,"column":null}},"type":"if","locations":[{"start":{"line":52,"column":6},"end":{"line":55,"column":null}},{"start":{},"end":{}}],"line":52},"4":{"loc":{"start":{"line":77,"column":36},"end":{"line":77,"column":92}},"type":"cond-expr","locations":[{"start":{"line":77,"column":61},"end":{"line":77,"column":77}},{"start":{"line":77,"column":77},"end":{"line":77,"column":92}}],"line":77},"5":{"loc":{"start":{"line":85,"column":37},"end":{"line":85,"column":81}},"type":"default-arg","locations":[{"start":{"line":85,"column":62},"end":{"line":85,"column":81}}],"line":85},"6":{"loc":{"start":{"line":88,"column":46},"end":{"line":88,"column":70}},"type":"cond-expr","locations":[{"start":{"line":88,"column":65},"end":{"line":88,"column":69}},{"start":{"line":88,"column":69},"end":{"line":88,"column":70}}],"line":88},"7":{"loc":{"start":{"line":105,"column":36},"end":{"line":105,"column":92}},"type":"cond-expr","locations":[{"start":{"line":105,"column":61},"end":{"line":105,"column":77}},{"start":{"line":105,"column":77},"end":{"line":105,"column":92}}],"line":105},"8":{"loc":{"start":{"line":120,"column":2},"end":{"line":126,"column":null}},"type":"if","locations":[{"start":{"line":120,"column":2},"end":{"line":126,"column":null}},{"start":{},"end":{}}],"line":120},"9":{"loc":{"start":{"line":120,"column":6},"end":{"line":120,"column":61}},"type":"binary-expr","locations":[{"start":{"line":120,"column":6},"end":{"line":120,"column":40}},{"start":{"line":120,"column":40},"end":{"line":120,"column":61}}],"line":120},"10":{"loc":{"start":{"line":129,"column":2},"end":{"line":143,"column":null}},"type":"if","locations":[{"start":{"line":129,"column":2},"end":{"line":143,"column":null}},{"start":{"line":131,"column":9},"end":{"line":143,"column":null}}],"line":129},"11":{"loc":{"start":{"line":134,"column":4},"end":{"line":134,"column":null}},"type":"if","locations":[{"start":{"line":134,"column":4},"end":{"line":134,"column":null}},{"start":{},"end":{}}],"line":134},"12":{"loc":{"start":{"line":135,"column":4},"end":{"line":135,"column":null}},"type":"if","locations":[{"start":{"line":135,"column":4},"end":{"line":135,"column":null}},{"start":{},"end":{}}],"line":135},"13":{"loc":{"start":{"line":136,"column":4},"end":{"line":136,"column":null}},"type":"if","locations":[{"start":{"line":136,"column":4},"end":{"line":136,"column":null}},{"start":{},"end":{}}],"line":136},"14":{"loc":{"start":{"line":136,"column":8},"end":{"line":136,"column":43}},"type":"binary-expr","locations":[{"start":{"line":136,"column":8},"end":{"line":136,"column":19}},{"start":{"line":136,"column":19},"end":{"line":136,"column":43}}],"line":136},"15":{"loc":{"start":{"line":137,"column":4},"end":{"line":137,"column":null}},"type":"if","locations":[{"start":{"line":137,"column":4},"end":{"line":137,"column":null}},{"start":{},"end":{}}],"line":137},"16":{"loc":{"start":{"line":138,"column":4},"end":{"line":138,"column":null}},"type":"if","locations":[{"start":{"line":138,"column":4},"end":{"line":138,"column":null}},{"start":{},"end":{}}],"line":138},"17":{"loc":{"start":{"line":140,"column":4},"end":{"line":142,"column":null}},"type":"if","locations":[{"start":{"line":140,"column":4},"end":{"line":142,"column":null}},{"start":{},"end":{}}],"line":140},"18":{"loc":{"start":{"line":140,"column":8},"end":{"line":140,"column":47}},"type":"binary-expr","locations":[{"start":{"line":140,"column":8},"end":{"line":140,"column":19}},{"start":{"line":140,"column":19},"end":{"line":140,"column":47}}],"line":140},"19":{"loc":{"start":{"line":146,"column":2},"end":{"line":162,"column":null}},"type":"if","locations":[{"start":{"line":146,"column":2},"end":{"line":162,"column":null}},{"start":{"line":148,"column":2},"end":{"line":162,"column":null}}],"line":146},"20":{"loc":{"start":{"line":148,"column":2},"end":{"line":162,"column":null}},"type":"if","locations":[{"start":{"line":148,"column":2},"end":{"line":162,"column":null}},{"start":{"line":150,"column":9},"end":{"line":162,"column":null}}],"line":148},"21":{"loc":{"start":{"line":152,"column":4},"end":{"line":154,"column":null}},"type":"if","locations":[{"start":{"line":152,"column":4},"end":{"line":154,"column":null}},{"start":{},"end":{}}],"line":152},"22":{"loc":{"start":{"line":158,"column":6},"end":{"line":160,"column":null}},"type":"if","locations":[{"start":{"line":158,"column":6},"end":{"line":160,"column":null}},{"start":{},"end":{}}],"line":158},"23":{"loc":{"start":{"line":177,"column":2},"end":{"line":177,"column":null}},"type":"default-arg","locations":[{"start":{"line":177,"column":27},"end":{"line":177,"column":null}}],"line":177},"24":{"loc":{"start":{"line":190,"column":4},"end":{"line":198,"column":null}},"type":"if","locations":[{"start":{"line":190,"column":4},"end":{"line":198,"column":null}},{"start":{},"end":{}}],"line":190},"25":{"loc":{"start":{"line":192,"column":6},"end":{"line":196,"column":null}},"type":"if","locations":[{"start":{"line":192,"column":6},"end":{"line":196,"column":null}},{"start":{},"end":{}}],"line":192},"26":{"loc":{"start":{"line":201,"column":4},"end":{"line":205,"column":null}},"type":"if","locations":[{"start":{"line":201,"column":4},"end":{"line":205,"column":null}},{"start":{},"end":{}}],"line":201},"27":{"loc":{"start":{"line":212,"column":6},"end":{"line":215,"column":null}},"type":"if","locations":[{"start":{"line":212,"column":6},"end":{"line":215,"column":null}},{"start":{},"end":{}}],"line":212},"28":{"loc":{"start":{"line":221,"column":8},"end":{"line":224,"column":null}},"type":"if","locations":[{"start":{"line":221,"column":8},"end":{"line":224,"column":null}},{"start":{},"end":{}}],"line":221},"29":{"loc":{"start":{"line":229,"column":12},"end":{"line":236,"column":null}},"type":"if","locations":[{"start":{"line":229,"column":12},"end":{"line":236,"column":null}},{"start":{},"end":{}}],"line":229},"30":{"loc":{"start":{"line":232,"column":14},"end":{"line":235,"column":null}},"type":"if","locations":[{"start":{"line":232,"column":14},"end":{"line":235,"column":null}},{"start":{},"end":{}}],"line":232},"31":{"loc":{"start":{"line":243,"column":58},"end":{"line":243,"column":114}},"type":"cond-expr","locations":[{"start":{"line":243,"column":83},"end":{"line":243,"column":99}},{"start":{"line":243,"column":99},"end":{"line":243,"column":114}}],"line":243},"32":{"loc":{"start":{"line":253,"column":52},"end":{"line":253,"column":108}},"type":"cond-expr","locations":[{"start":{"line":253,"column":77},"end":{"line":253,"column":93}},{"start":{"line":253,"column":93},"end":{"line":253,"column":108}}],"line":253},"33":{"loc":{"start":{"line":262,"column":24},"end":{"line":262,"column":80}},"type":"cond-expr","locations":[{"start":{"line":262,"column":49},"end":{"line":262,"column":65}},{"start":{"line":262,"column":65},"end":{"line":262,"column":80}}],"line":262},"34":{"loc":{"start":{"line":278,"column":4},"end":{"line":280,"column":null}},"type":"if","locations":[{"start":{"line":278,"column":4},"end":{"line":280,"column":null}},{"start":{},"end":{}}],"line":278},"35":{"loc":{"start":{"line":284,"column":4},"end":{"line":286,"column":null}},"type":"if","locations":[{"start":{"line":284,"column":4},"end":{"line":286,"column":null}},{"start":{},"end":{}}],"line":284},"36":{"loc":{"start":{"line":304,"column":4},"end":{"line":308,"column":null}},"type":"cond-expr","locations":[{"start":{"line":305,"column":8},"end":{"line":305,"column":null}},{"start":{"line":306,"column":8},"end":{"line":308,"column":null}}],"line":304},"37":{"loc":{"start":{"line":306,"column":8},"end":{"line":308,"column":null}},"type":"cond-expr","locations":[{"start":{"line":307,"column":8},"end":{"line":307,"column":null}},{"start":{"line":308,"column":8},"end":{"line":308,"column":null}}],"line":306},"38":{"loc":{"start":{"line":325,"column":4},"end":{"line":327,"column":null}},"type":"if","locations":[{"start":{"line":325,"column":4},"end":{"line":327,"column":null}},{"start":{},"end":{}}],"line":325}},"s":{"0":1,"1":1,"2":1,"3":0,"4":0,"5":0,"6":0,"7":0,"8":0,"9":0,"10":0,"11":0,"12":0,"13":0,"14":0,"15":0,"16":0,"17":0,"18":0,"19":0,"20":0,"21":0,"22":0,"23":0,"24":0,"25":0,"26":0,"27":0,"28":0,"29":0,"30":0,"31":0,"32":0,"33":0,"34":0,"35":0,"36":0,"37":0,"38":0,"39":0,"40":0,"41":0,"42":0,"43":0,"44":0,"45":0,"46":0,"47":0,"48":0,"49":0,"50":0,"51":0,"52":0,"53":0,"54":0,"55":0,"56":0,"57":0,"58":0,"59":0,"60":0,"61":0,"62":0,"63":0,"64":0,"65":0,"66":0,"67":0,"68":0,"69":0,"70":0,"71":0,"72":0,"73":0,"74":0,"75":0,"76":0,"77":0,"78":0,"79":0,"80":0,"81":0,"82":0,"83":0,"84":0,"85":0,"86":0,"87":0,"88":0,"89":0,"90":0,"91":0,"92":0,"93":0,"94":0,"95":0,"96":0,"97":0,"98":0,"99":0,"100":0,"101":0,"102":0,"103":0,"104":0,"105":0,"106":0,"107":0,"108":0,"109":0,"110":0,"111":0,"112":0,"113":0,"114":0,"115":0,"116":0,"117":0,"118":0,"119":0,"120":0,"121":0,"122":0,"123":0,"124":0,"125":0,"126":0,"127":0,"128":0},"f":{"0":0,"1":0,"2":0,"3":0,"4":0,"5":0,"6":0},"b":{"0":[0],"1":[0],"2":[0],"3":[0,0],"4":[0,0],"5":[0],"6":[0,0],"7":[0,0],"8":[0,0],"9":[0,0],"10":[0,0],"11":[0,0],"12":[0,0],"13":[0,0],"14":[0,0],"15":[0,0],"16":[0,0],"17":[0,0],"18":[0,0],"19":[0,0],"20":[0,0],"21":[0,0],"22":[0,0],"23":[0],"24":[0,0],"25":[0,0],"26":[0,0],"27":[0,0],"28":[0,0],"29":[0,0],"30":[0,0],"31":[0,0],"32":[0,0],"33":[0,0],"34":[0,0],"35":[0,0],"36":[0,0],"37":[0,0],"38":[0,0]},"meta":{"lastBranch":39,"lastFunction":7,"lastStatement":129,"seen":{"s:17:20:17:Infinity":0,"s:18:23:18:Infinity":1,"s:21:19:34:Infinity":2,"f:39:22:39:Infinity":0,"b:40:27:40:Infinity":0,"s:42:51:42:Infinity":3,"b:42:19:42:31":1,"b:42:42:42:47":2,"s:44:2:79:Infinity":4,"s:45:10:45:Infinity":5,"s:46:40:46:Infinity":6,"s:47:23:47:Infinity":7,"s:50:4:60:Infinity":8,"s:51:21:51:Infinity":9,"b:52:6:55:Infinity:undefined:undefined:undefined:undefined":3,"s:52:6:55:Infinity":10,"s:53:8:53:Infinity":11,"s:54:8:54:Infinity":12,"s:57:22:57:Infinity":13,"s:58:6:58:Infinity":14,"s:59:6:59:Infinity":15,"s:62:37:68:Infinity":16,"s:70:4:73:Infinity":17,"s:75:4:75:Infinity":18,"s:76:4:78:Infinity":19,"b:77:61:77:77:77:77:77:92":4,"f:85:22:85:37":1,"b:85:62:85:81":5,"s:86:2:107:Infinity":20,"s:87:19:87:Infinity":21,"s:88:17:88:Infinity":22,"b:88:65:88:69:88:69:88:70":6,"s:89:17:89:Infinity":23,"s:90:16:90:Infinity":24,"s:92:10:92:Infinity":25,"s:93:21:93:Infinity":26,"s:95:17:95:Infinity":27,"s:96:4:96:Infinity":28,"s:97:4:97:Infinity":29,"s:98:4:98:Infinity":30,"s:99:4:99:Infinity":31,"s:100:4:100:Infinity":32,"s:101:4:101:Infinity":33,"s:103:4:103:Infinity":34,"s:104:4:106:Infinity":35,"b:105:61:105:77:105:77:105:92":7,"f:113:16:113:Infinity":2,"s:116:27:116:Infinity":36,"s:117:29:117:Infinity":37,"b:120:2:126:Infinity:undefined:undefined:undefined:undefined":8,"s:120:2:126:Infinity":38,"b:120:6:120:40:120:40:120:61":9,"s:121:4:125:Infinity":39,"b:129:2:143:Infinity:131:9:143:Infinity":10,"s:129:2:143:Infinity":40,"s:130:4:130:Infinity":41,"s:132:69:132:Infinity":42,"b:134:4:134:Infinity:undefined:undefined:undefined:undefined":11,"s:134:4:134:Infinity":43,"s:134:18:134:Infinity":44,"b:135:4:135:Infinity:undefined:undefined:undefined:undefined":12,"s:135:4:135:Infinity":45,"s:135:20:135:Infinity":46,"b:136:4:136:Infinity:undefined:undefined:undefined:undefined":13,"s:136:4:136:Infinity":47,"b:136:8:136:19:136:19:136:43":14,"s:136:43:136:Infinity":48,"b:137:4:137:Infinity:undefined:undefined:undefined:undefined":15,"s:137:4:137:Infinity":49,"s:137:42:137:Infinity":50,"b:138:4:138:Infinity:undefined:undefined:undefined:undefined":16,"s:138:4:138:Infinity":51,"s:138:21:138:Infinity":52,"b:140:4:142:Infinity:undefined:undefined:undefined:undefined":17,"s:140:4:142:Infinity":53,"b:140:8:140:19:140:19:140:47":18,"s:141:6:141:Infinity":54,"b:146:2:162:Infinity:148:2:162:Infinity":19,"s:146:2:162:Infinity":55,"s:147:4:147:Infinity":56,"b:148:2:162:Infinity:150:9:162:Infinity":20,"s:148:2:162:Infinity":57,"s:149:4:149:Infinity":58,"s:151:23:151:Infinity":59,"b:152:4:154:Infinity:undefined:undefined:undefined:undefined":21,"s:152:4:154:Infinity":60,"s:153:6:153:Infinity":61,"s:157:4:161:Infinity":62,"b:158:6:160:Infinity:undefined:undefined:undefined:undefined":22,"s:158:6:160:Infinity":63,"s:159:8:159:Infinity":64,"s:164:2:169:Infinity":65,"f:175:22:175:Infinity":3,"b:177:27:177:Infinity":23,"s:179:31:186:Infinity":66,"s:188:2:265:Infinity":67,"b:190:4:198:Infinity:undefined:undefined:undefined:undefined":24,"s:190:4:198:Infinity":68,"s:191:25:191:Infinity":69,"b:192:6:196:Infinity:undefined:undefined:undefined:undefined":25,"s:192:6:196:Infinity":70,"s:193:8:193:Infinity":71,"s:194:8:194:Infinity":72,"s:195:8:195:Infinity":73,"s:197:6:197:Infinity":74,"b:201:4:205:Infinity:undefined:undefined:undefined:undefined":26,"s:201:4:205:Infinity":75,"s:202:6:202:Infinity":76,"s:203:6:203:Infinity":77,"s:204:6:204:Infinity":78,"s:207:10:207:Infinity":79,"s:210:4:256:Infinity":80,"s:211:21:211:Infinity":81,"b:212:6:215:Infinity:undefined:undefined:undefined:undefined":27,"s:212:6:215:Infinity":82,"s:213:8:213:Infinity":83,"s:214:8:214:Infinity":84,"s:217:21:217:Infinity":85,"s:218:20:218:Infinity":86,"s:220:6:255:Infinity":87,"b:221:8:224:Infinity:undefined:undefined:undefined:undefined":28,"s:221:8:224:Infinity":88,"s:223:10:223:Infinity":89,"s:227:8:246:Infinity":90,"s:228:10:245:Infinity":91,"b:229:12:236:Infinity:undefined:undefined:undefined:undefined":29,"s:229:12:236:Infinity":92,"s:231:31:231:Infinity":93,"b:232:14:235:Infinity:undefined:undefined:undefined:undefined":30,"s:232:14:235:Infinity":94,"s:233:16:233:Infinity":95,"s:234:16:234:Infinity":96,"s:238:12:238:Infinity":97,"s:239:12:239:Infinity":98,"s:241:12:241:Infinity":99,"s:242:12:244:Infinity":100,"b:243:83:243:99:243:99:243:114":31,"s:248:8:248:Infinity":101,"s:249:8:249:Infinity":102,"s:250:8:250:Infinity":103,"s:252:8:254:Infinity":104,"b:253:77:253:93:253:93:253:108":32,"s:258:4:258:Infinity":105,"s:259:4:259:Infinity":106,"s:261:4:263:Infinity":107,"b:262:49:262:65:262:65:262:80":33,"s:264:4:264:Infinity":108,"f:271:22:271:37":4,"s:272:2:288:Infinity":109,"s:273:17:273:Infinity":110,"s:274:17:274:Infinity":111,"s:277:23:277:Infinity":112,"b:278:4:280:Infinity:undefined:undefined:undefined:undefined":34,"s:278:4:280:Infinity":113,"s:279:6:279:Infinity":114,"s:282:4:282:Infinity":115,"b:284:4:286:Infinity:undefined:undefined:undefined:undefined":35,"s:284:4:286:Infinity":116,"s:285:6:285:Infinity":117,"s:287:4:287:Infinity":118,"f:294:22:294:36":5,"s:299:21:299:Infinity":119,"s:300:21:300:Infinity":120,"s:302:22:302:Infinity":121,"s:304:4:308:Infinity":122,"b:305:8:305:Infinity:306:8:308:Infinity":36,"b:307:8:307:Infinity:308:8:308:Infinity":37,"s:310:2:314:Infinity":123,"f:320:22:320:52":6,"s:321:8:321:Infinity":124,"s:323:2:328:Infinity":125,"s:324:19:324:Infinity":126,"b:325:4:327:Infinity:undefined:undefined:undefined:undefined":38,"s:325:4:327:Infinity":127,"s:326:6:326:Infinity":128}}}
,"/Users/guilhermebarros/Documents/Coding/Cortex Cash/lib/config/currency.ts": {"path":"/Users/guilhermebarros/Documents/Coding/Cortex Cash/lib/config/currency.ts","statementMap":{"0":{"start":{"line":18,"column":26},"end":{"line":18,"column":null}},"1":{"start":{"line":24,"column":2},"end":{"line":24,"column":null}},"2":{"start":{"line":31,"column":2},"end":{"line":31,"column":null}},"3":{"start":{"line":38,"column":2},"end":{"line":41,"column":null}},"4":{"start":{"line":48,"column":2},"end":{"line":51,"column":null}}},"fnMap":{"0":{"name":"usdToBrl","decl":{"start":{"line":23,"column":16},"end":{"line":23,"column":25}},"loc":{"start":{"line":23,"column":46},"end":{"line":25,"column":null}},"line":23},"1":{"name":"brlToUsd","decl":{"start":{"line":30,"column":16},"end":{"line":30,"column":25}},"loc":{"start":{"line":30,"column":46},"end":{"line":32,"column":null}},"line":30},"2":{"name":"formatUsd","decl":{"start":{"line":37,"column":16},"end":{"line":37,"column":26}},"loc":{"start":{"line":37,"column":49},"end":{"line":42,"column":null}},"line":37},"3":{"name":"formatBrl","decl":{"start":{"line":47,"column":16},"end":{"line":47,"column":26}},"loc":{"start":{"line":47,"column":49},"end":{"line":52,"column":null}},"line":47}},"branchMap":{},"s":{"0":2,"1":0,"2":0,"3":0,"4":0},"f":{"0":0,"1":0,"2":0,"3":0},"b":{},"meta":{"lastBranch":0,"lastFunction":4,"lastStatement":5,"seen":{"s:18:26:18:Infinity":0,"f:23:16:23:25":0,"s:24:2:24:Infinity":1,"f:30:16:30:25":1,"s:31:2:31:Infinity":2,"f:37:16:37:26":2,"s:38:2:41:Infinity":3,"f:47:16:47:26":3,"s:48:2:51:Infinity":4}}}
,"/Users/guilhermebarros/Documents/Coding/Cortex Cash/lib/db/client.ts": {"path":"/Users/guilhermebarros/Documents/Coding/Cortex Cash/lib/db/client.ts","statementMap":{"0":{"start":{"line":67,"column":4},"end":{"line":67,"column":null}},"1":{"start":{"line":70,"column":4},"end":{"line":112,"column":null}},"2":{"start":{"line":115,"column":4},"end":{"line":128,"column":null}},"3":{"start":{"line":123,"column":6},"end":{"line":127,"column":null}},"4":{"start":{"line":124,"column":8},"end":{"line":126,"column":null}},"5":{"start":{"line":125,"column":10},"end":{"line":125,"column":null}},"6":{"start":{"line":131,"column":4},"end":{"line":138,"column":null}},"7":{"start":{"line":141,"column":4},"end":{"line":145,"column":null}},"8":{"start":{"line":150,"column":38},"end":{"line":150,"column":null}},"9":{"start":{"line":158,"column":2},"end":{"line":160,"column":null}},"10":{"start":{"line":159,"column":4},"end":{"line":159,"column":null}},"11":{"start":{"line":162,"column":2},"end":{"line":164,"column":null}},"12":{"start":{"line":163,"column":4},"end":{"line":163,"column":null}},"13":{"start":{"line":167,"column":2},"end":{"line":175,"column":null}},"14":{"start":{"line":169,"column":4},"end":{"line":171,"column":null}},"15":{"start":{"line":170,"column":6},"end":{"line":170,"column":null}},"16":{"start":{"line":172,"column":4},"end":{"line":172,"column":null}},"17":{"start":{"line":174,"column":4},"end":{"line":174,"column":null}},"18":{"start":{"line":184,"column":21},"end":{"line":184,"column":null}},"19":{"start":{"line":185,"column":2},"end":{"line":187,"column":null}},"20":{"start":{"line":186,"column":4},"end":{"line":186,"column":null}},"21":{"start":{"line":190,"column":2},"end":{"line":221,"column":null}},"22":{"start":{"line":191,"column":4},"end":{"line":215,"column":null}},"23":{"start":{"line":192,"column":21},"end":{"line":192,"column":null}},"24":{"start":{"line":194,"column":6},"end":{"line":199,"column":null}},"25":{"start":{"line":195,"column":8},"end":{"line":198,"column":null}},"26":{"start":{"line":201,"column":6},"end":{"line":206,"column":null}},"27":{"start":{"line":203,"column":8},"end":{"line":203,"column":null}},"28":{"start":{"line":204,"column":8},"end":{"line":204,"column":null}},"29":{"start":{"line":205,"column":8},"end":{"line":205,"column":null}},"30":{"start":{"line":209,"column":6},"end":{"line":214,"column":null}},"31":{"start":{"line":210,"column":8},"end":{"line":213,"column":null}},"32":{"start":{"line":217,"column":4},"end":{"line":220,"column":null}},"33":{"start":{"line":229,"column":18},"end":{"line":229,"column":null}},"34":{"start":{"line":230,"column":2},"end":{"line":232,"column":null}},"35":{"start":{"line":231,"column":4},"end":{"line":231,"column":null}},"36":{"start":{"line":234,"column":2},"end":{"line":242,"column":null}},"37":{"start":{"line":235,"column":4},"end":{"line":241,"column":null}},"38":{"start":{"line":236,"column":6},"end":{"line":236,"column":null}},"39":{"start":{"line":237,"column":6},"end":{"line":237,"column":null}},"40":{"start":{"line":239,"column":6},"end":{"line":239,"column":null}},"41":{"start":{"line":240,"column":6},"end":{"line":240,"column":null}},"42":{"start":{"line":243,"column":2},"end":{"line":243,"column":null}},"43":{"start":{"line":250,"column":13},"end":{"line":250,"column":null}},"44":{"start":{"line":252,"column":15},"end":{"line":277,"column":null}},"45":{"start":{"line":279,"column":15},"end":{"line":279,"column":null}},"46":{"start":{"line":280,"column":2},"end":{"line":280,"column":null}},"47":{"start":{"line":287,"column":15},"end":{"line":287,"column":null}},"48":{"start":{"line":288,"column":15},"end":{"line":288,"column":null}},"49":{"start":{"line":290,"column":13},"end":{"line":290,"column":null}},"50":{"start":{"line":293,"column":2},"end":{"line":297,"column":null}},"51":{"start":{"line":294,"column":4},"end":{"line":296,"column":null}},"52":{"start":{"line":295,"column":6},"end":{"line":295,"column":null}},"53":{"start":{"line":300,"column":2},"end":{"line":325,"column":null}},"54":{"start":{"line":301,"column":4},"end":{"line":301,"column":null}},"55":{"start":{"line":301,"column":27},"end":{"line":301,"column":null}},"56":{"start":{"line":302,"column":4},"end":{"line":302,"column":null}},"57":{"start":{"line":302,"column":21},"end":{"line":302,"column":null}},"58":{"start":{"line":303,"column":4},"end":{"line":303,"column":null}},"59":{"start":{"line":303,"column":25},"end":{"line":303,"column":null}},"60":{"start":{"line":304,"column":4},"end":{"line":304,"column":null}},"61":{"start":{"line":304,"column":19},"end":{"line":304,"column":null}},"62":{"start":{"line":305,"column":4},"end":{"line":305,"column":null}},"63":{"start":{"line":305,"column":25},"end":{"line":305,"column":null}},"64":{"start":{"line":306,"column":4},"end":{"line":306,"column":null}},"65":{"start":{"line":306,"column":35},"end":{"line":306,"column":null}},"66":{"start":{"line":307,"column":4},"end":{"line":307,"column":null}},"67":{"start":{"line":307,"column":35},"end":{"line":307,"column":null}},"68":{"start":{"line":308,"column":4},"end":{"line":308,"column":null}},"69":{"start":{"line":308,"column":22},"end":{"line":308,"column":null}},"70":{"start":{"line":309,"column":4},"end":{"line":309,"column":null}},"71":{"start":{"line":309,"column":29},"end":{"line":309,"column":null}},"72":{"start":{"line":310,"column":4},"end":{"line":310,"column":null}},"73":{"start":{"line":310,"column":22},"end":{"line":310,"column":null}},"74":{"start":{"line":311,"column":4},"end":{"line":311,"column":null}},"75":{"start":{"line":311,"column":34},"end":{"line":311,"column":null}},"76":{"start":{"line":312,"column":4},"end":{"line":312,"column":null}},"77":{"start":{"line":312,"column":28},"end":{"line":312,"column":null}},"78":{"start":{"line":313,"column":4},"end":{"line":313,"column":null}},"79":{"start":{"line":313,"column":25},"end":{"line":313,"column":null}},"80":{"start":{"line":314,"column":4},"end":{"line":314,"column":null}},"81":{"start":{"line":314,"column":28},"end":{"line":314,"column":null}},"82":{"start":{"line":315,"column":4},"end":{"line":315,"column":null}},"83":{"start":{"line":315,"column":38},"end":{"line":315,"column":null}},"84":{"start":{"line":316,"column":4},"end":{"line":316,"column":null}},"85":{"start":{"line":316,"column":29},"end":{"line":316,"column":null}},"86":{"start":{"line":317,"column":4},"end":{"line":317,"column":null}},"87":{"start":{"line":317,"column":38},"end":{"line":317,"column":null}},"88":{"start":{"line":318,"column":4},"end":{"line":318,"column":null}},"89":{"start":{"line":318,"column":34},"end":{"line":318,"column":null}},"90":{"start":{"line":319,"column":4},"end":{"line":319,"column":null}},"91":{"start":{"line":319,"column":34},"end":{"line":319,"column":null}},"92":{"start":{"line":320,"column":4},"end":{"line":320,"column":null}},"93":{"start":{"line":320,"column":28},"end":{"line":320,"column":null}},"94":{"start":{"line":321,"column":4},"end":{"line":321,"column":null}},"95":{"start":{"line":321,"column":27},"end":{"line":321,"column":null}},"96":{"start":{"line":322,"column":4},"end":{"line":322,"column":null}},"97":{"start":{"line":322,"column":23},"end":{"line":322,"column":null}},"98":{"start":{"line":323,"column":4},"end":{"line":323,"column":null}},"99":{"start":{"line":323,"column":42},"end":{"line":323,"column":null}},"100":{"start":{"line":324,"column":4},"end":{"line":324,"column":null}},"101":{"start":{"line":324,"column":36},"end":{"line":324,"column":null}},"102":{"start":{"line":332,"column":13},"end":{"line":332,"column":null}},"103":{"start":{"line":333,"column":2},"end":{"line":337,"column":null}},"104":{"start":{"line":334,"column":4},"end":{"line":336,"column":null}},"105":{"start":{"line":335,"column":6},"end":{"line":335,"column":null}}},"fnMap":{"0":{"name":"(anonymous_0)","decl":{"start":{"line":66,"column":2},"end":{"line":66,"column":16}},"loc":{"start":{"line":66,"column":16},"end":{"line":146,"column":null}},"line":66},"1":{"name":"(anonymous_1)","decl":{"start":{"line":121,"column":15},"end":{"line":121,"column":21}},"loc":{"start":{"line":121,"column":21},"end":{"line":128,"column":5}},"line":121},"2":{"name":"(anonymous_2)","decl":{"start":{"line":123,"column":58},"end":{"line":123,"column":71}},"loc":{"start":{"line":123,"column":71},"end":{"line":127,"column":7}},"line":123},"3":{"name":"checkIndexedDBSupport","decl":{"start":{"line":157,"column":16},"end":{"line":157,"column":80}},"loc":{"start":{"line":157,"column":80},"end":{"line":176,"column":null}},"line":157},"4":{"name":"checkIndexedDBSupportAsync","decl":{"start":{"line":182,"column":22},"end":{"line":182,"column":100}},"loc":{"start":{"line":182,"column":100},"end":{"line":222,"column":null}},"line":182},"5":{"name":"(anonymous_5)","decl":{"start":{"line":191,"column":69},"end":{"line":191,"column":70}},"loc":{"start":{"line":191,"column":82},"end":{"line":215,"column":5}},"line":191},"6":{"name":"(anonymous_6)","decl":{"start":{"line":194,"column":23},"end":{"line":194,"column":29}},"loc":{"start":{"line":194,"column":29},"end":{"line":199,"column":null}},"line":194},"7":{"name":"(anonymous_7)","decl":{"start":{"line":201,"column":25},"end":{"line":201,"column":31}},"loc":{"start":{"line":201,"column":31},"end":{"line":206,"column":null}},"line":201},"8":{"name":"(anonymous_8)","decl":{"start":{"line":209,"column":17},"end":{"line":209,"column":23}},"loc":{"start":{"line":209,"column":23},"end":{"line":214,"column":9}},"line":209},"9":{"name":"getDB","decl":{"start":{"line":227,"column":16},"end":{"line":227,"column":38}},"loc":{"start":{"line":227,"column":38},"end":{"line":244,"column":null}},"line":227},"10":{"name":"exportDatabase","decl":{"start":{"line":249,"column":22},"end":{"line":249,"column":54}},"loc":{"start":{"line":249,"column":54},"end":{"line":281,"column":null}},"line":249},"11":{"name":"importDatabase","decl":{"start":{"line":286,"column":22},"end":{"line":286,"column":37}},"loc":{"start":{"line":286,"column":64},"end":{"line":326,"column":null}},"line":286},"12":{"name":"(anonymous_12)","decl":{"start":{"line":293,"column":40},"end":{"line":293,"column":52}},"loc":{"start":{"line":293,"column":52},"end":{"line":297,"column":3}},"line":293},"13":{"name":"(anonymous_13)","decl":{"start":{"line":300,"column":40},"end":{"line":300,"column":52}},"loc":{"start":{"line":300,"column":52},"end":{"line":325,"column":3}},"line":300},"14":{"name":"clearDatabase","decl":{"start":{"line":331,"column":22},"end":{"line":331,"column":53}},"loc":{"start":{"line":331,"column":53},"end":{"line":338,"column":null}},"line":331},"15":{"name":"(anonymous_15)","decl":{"start":{"line":333,"column":40},"end":{"line":333,"column":52}},"loc":{"start":{"line":333,"column":52},"end":{"line":337,"column":3}},"line":333}},"branchMap":{"0":{"loc":{"start":{"line":124,"column":8},"end":{"line":126,"column":null}},"type":"if","locations":[{"start":{"line":124,"column":8},"end":{"line":126,"column":null}},{"start":{},"end":{}}],"line":124},"1":{"loc":{"start":{"line":158,"column":2},"end":{"line":160,"column":null}},"type":"if","locations":[{"start":{"line":158,"column":2},"end":{"line":160,"column":null}},{"start":{},"end":{}}],"line":158},"2":{"loc":{"start":{"line":162,"column":2},"end":{"line":164,"column":null}},"type":"if","locations":[{"start":{"line":162,"column":2},"end":{"line":164,"column":null}},{"start":{},"end":{}}],"line":162},"3":{"loc":{"start":{"line":169,"column":4},"end":{"line":171,"column":null}},"type":"if","locations":[{"start":{"line":169,"column":4},"end":{"line":171,"column":null}},{"start":{},"end":{}}],"line":169},"4":{"loc":{"start":{"line":174,"column":71},"end":{"line":174,"column":124}},"type":"cond-expr","locations":[{"start":{"line":174,"column":94},"end":{"line":174,"column":108}},{"start":{"line":174,"column":108},"end":{"line":174,"column":124}}],"line":174},"5":{"loc":{"start":{"line":185,"column":2},"end":{"line":187,"column":null}},"type":"if","locations":[{"start":{"line":185,"column":2},"end":{"line":187,"column":null}},{"start":{},"end":{}}],"line":185},"6":{"loc":{"start":{"line":219,"column":45},"end":{"line":219,"column":null}},"type":"cond-expr","locations":[{"start":{"line":219,"column":68},"end":{"line":219,"column":82}},{"start":{"line":219,"column":82},"end":{"line":219,"column":null}}],"line":219},"7":{"loc":{"start":{"line":230,"column":2},"end":{"line":232,"column":null}},"type":"if","locations":[{"start":{"line":230,"column":2},"end":{"line":232,"column":null}},{"start":{},"end":{}}],"line":230},"8":{"loc":{"start":{"line":231,"column":20},"end":{"line":231,"column":62}},"type":"binary-expr","locations":[{"start":{"line":231,"column":20},"end":{"line":231,"column":37}},{"start":{"line":231,"column":37},"end":{"line":231,"column":62}}],"line":231},"9":{"loc":{"start":{"line":234,"column":2},"end":{"line":242,"column":null}},"type":"if","locations":[{"start":{"line":234,"column":2},"end":{"line":242,"column":null}},{"start":{},"end":{}}],"line":234},"10":{"loc":{"start":{"line":301,"column":4},"end":{"line":301,"column":null}},"type":"if","locations":[{"start":{"line":301,"column":4},"end":{"line":301,"column":null}},{"start":{},"end":{}}],"line":301},"11":{"loc":{"start":{"line":302,"column":4},"end":{"line":302,"column":null}},"type":"if","locations":[{"start":{"line":302,"column":4},"end":{"line":302,"column":null}},{"start":{},"end":{}}],"line":302},"12":{"loc":{"start":{"line":303,"column":4},"end":{"line":303,"column":null}},"type":"if","locations":[{"start":{"line":303,"column":4},"end":{"line":303,"column":null}},{"start":{},"end":{}}],"line":303},"13":{"loc":{"start":{"line":304,"column":4},"end":{"line":304,"column":null}},"type":"if","locations":[{"start":{"line":304,"column":4},"end":{"line":304,"column":null}},{"start":{},"end":{}}],"line":304},"14":{"loc":{"start":{"line":305,"column":4},"end":{"line":305,"column":null}},"type":"if","locations":[{"start":{"line":305,"column":4},"end":{"line":305,"column":null}},{"start":{},"end":{}}],"line":305},"15":{"loc":{"start":{"line":306,"column":4},"end":{"line":306,"column":null}},"type":"if","locations":[{"start":{"line":306,"column":4},"end":{"line":306,"column":null}},{"start":{},"end":{}}],"line":306},"16":{"loc":{"start":{"line":307,"column":4},"end":{"line":307,"column":null}},"type":"if","locations":[{"start":{"line":307,"column":4},"end":{"line":307,"column":null}},{"start":{},"end":{}}],"line":307},"17":{"loc":{"start":{"line":308,"column":4},"end":{"line":308,"column":null}},"type":"if","locations":[{"start":{"line":308,"column":4},"end":{"line":308,"column":null}},{"start":{},"end":{}}],"line":308},"18":{"loc":{"start":{"line":309,"column":4},"end":{"line":309,"column":null}},"type":"if","locations":[{"start":{"line":309,"column":4},"end":{"line":309,"column":null}},{"start":{},"end":{}}],"line":309},"19":{"loc":{"start":{"line":310,"column":4},"end":{"line":310,"column":null}},"type":"if","locations":[{"start":{"line":310,"column":4},"end":{"line":310,"column":null}},{"start":{},"end":{}}],"line":310},"20":{"loc":{"start":{"line":311,"column":4},"end":{"line":311,"column":null}},"type":"if","locations":[{"start":{"line":311,"column":4},"end":{"line":311,"column":null}},{"start":{},"end":{}}],"line":311},"21":{"loc":{"start":{"line":312,"column":4},"end":{"line":312,"column":null}},"type":"if","locations":[{"start":{"line":312,"column":4},"end":{"line":312,"column":null}},{"start":{},"end":{}}],"line":312},"22":{"loc":{"start":{"line":313,"column":4},"end":{"line":313,"column":null}},"type":"if","locations":[{"start":{"line":313,"column":4},"end":{"line":313,"column":null}},{"start":{},"end":{}}],"line":313},"23":{"loc":{"start":{"line":314,"column":4},"end":{"line":314,"column":null}},"type":"if","locations":[{"start":{"line":314,"column":4},"end":{"line":314,"column":null}},{"start":{},"end":{}}],"line":314},"24":{"loc":{"start":{"line":315,"column":4},"end":{"line":315,"column":null}},"type":"if","locations":[{"start":{"line":315,"column":4},"end":{"line":315,"column":null}},{"start":{},"end":{}}],"line":315},"25":{"loc":{"start":{"line":316,"column":4},"end":{"line":316,"column":null}},"type":"if","locations":[{"start":{"line":316,"column":4},"end":{"line":316,"column":null}},{"start":{},"end":{}}],"line":316},"26":{"loc":{"start":{"line":317,"column":4},"end":{"line":317,"column":null}},"type":"if","locations":[{"start":{"line":317,"column":4},"end":{"line":317,"column":null}},{"start":{},"end":{}}],"line":317},"27":{"loc":{"start":{"line":318,"column":4},"end":{"line":318,"column":null}},"type":"if","locations":[{"start":{"line":318,"column":4},"end":{"line":318,"column":null}},{"start":{},"end":{}}],"line":318},"28":{"loc":{"start":{"line":319,"column":4},"end":{"line":319,"column":null}},"type":"if","locations":[{"start":{"line":319,"column":4},"end":{"line":319,"column":null}},{"start":{},"end":{}}],"line":319},"29":{"loc":{"start":{"line":320,"column":4},"end":{"line":320,"column":null}},"type":"if","locations":[{"start":{"line":320,"column":4},"end":{"line":320,"column":null}},{"start":{},"end":{}}],"line":320},"30":{"loc":{"start":{"line":321,"column":4},"end":{"line":321,"column":null}},"type":"if","locations":[{"start":{"line":321,"column":4},"end":{"line":321,"column":null}},{"start":{},"end":{}}],"line":321},"31":{"loc":{"start":{"line":322,"column":4},"end":{"line":322,"column":null}},"type":"if","locations":[{"start":{"line":322,"column":4},"end":{"line":322,"column":null}},{"start":{},"end":{}}],"line":322},"32":{"loc":{"start":{"line":323,"column":4},"end":{"line":323,"column":null}},"type":"if","locations":[{"start":{"line":323,"column":4},"end":{"line":323,"column":null}},{"start":{},"end":{}}],"line":323},"33":{"loc":{"start":{"line":324,"column":4},"end":{"line":324,"column":null}},"type":"if","locations":[{"start":{"line":324,"column":4},"end":{"line":324,"column":null}},{"start":{},"end":{}}],"line":324}},"s":{"0":8,"1":8,"2":8,"3":0,"4":0,"5":0,"6":8,"7":8,"8":11,"9":1117,"10":0,"11":1117,"12":0,"13":1117,"14":1117,"15":0,"16":1117,"17":0,"18":0,"19":0,"20":0,"21":0,"22":0,"23":0,"24":0,"25":0,"26":0,"27":0,"28":0,"29":0,"30":0,"31":0,"32":0,"33":1117,"34":1117,"35":0,"36":1117,"37":8,"38":8,"39":8,"40":0,"41":0,"42":1117,"43":0,"44":0,"45":0,"46":0,"47":0,"48":0,"49":0,"50":0,"51":0,"52":0,"53":0,"54":0,"55":0,"56":0,"57":0,"58":0,"59":0,"60":0,"61":0,"62":0,"63":0,"64":0,"65":0,"66":0,"67":0,"68":0,"69":0,"70":0,"71":0,"72":0,"73":0,"74":0,"75":0,"76":0,"77":0,"78":0,"79":0,"80":0,"81":0,"82":0,"83":0,"84":0,"85":0,"86":0,"87":0,"88":0,"89":0,"90":0,"91":0,"92":0,"93":0,"94":0,"95":0,"96":0,"97":0,"98":0,"99":0,"100":0,"101":0,"102":0,"103":0,"104":0,"105":0},"f":{"0":8,"1":0,"2":0,"3":1117,"4":0,"5":0,"6":0,"7":0,"8":0,"9":1117,"10":0,"11":0,"12":0,"13":0,"14":0,"15":0},"b":{"0":[0,0],"1":[0,1117],"2":[0,1117],"3":[0,1117],"4":[0,0],"5":[0,0],"6":[0,0],"7":[0,1117],"8":[0,0],"9":[8,1109],"10":[0,0],"11":[0,0],"12":[0,0],"13":[0,0],"14":[0,0],"15":[0,0],"16":[0,0],"17":[0,0],"18":[0,0],"19":[0,0],"20":[0,0],"21":[0,0],"22":[0,0],"23":[0,0],"24":[0,0],"25":[0,0],"26":[0,0],"27":[0,0],"28":[0,0],"29":[0,0],"30":[0,0],"31":[0,0],"32":[0,0],"33":[0,0]},"meta":{"lastBranch":34,"lastFunction":16,"lastStatement":106,"seen":{"f:66:2:66:16":0,"s:67:4:67:Infinity":0,"s:70:4:112:Infinity":1,"s:115:4:128:Infinity":2,"f:121:15:121:21":1,"s:123:6:127:Infinity":3,"f:123:58:123:71":2,"b:124:8:126:Infinity:undefined:undefined:undefined:undefined":0,"s:124:8:126:Infinity":4,"s:125:10:125:Infinity":5,"s:131:4:138:Infinity":6,"s:141:4:145:Infinity":7,"s:150:38:150:Infinity":8,"f:157:16:157:80":3,"b:158:2:160:Infinity:undefined:undefined:undefined:undefined":1,"s:158:2:160:Infinity":9,"s:159:4:159:Infinity":10,"b:162:2:164:Infinity:undefined:undefined:undefined:undefined":2,"s:162:2:164:Infinity":11,"s:163:4:163:Infinity":12,"s:167:2:175:Infinity":13,"b:169:4:171:Infinity:undefined:undefined:undefined:undefined":3,"s:169:4:171:Infinity":14,"s:170:6:170:Infinity":15,"s:172:4:172:Infinity":16,"s:174:4:174:Infinity":17,"b:174:94:174:108:174:108:174:124":4,"f:182:22:182:100":4,"s:184:21:184:Infinity":18,"b:185:2:187:Infinity:undefined:undefined:undefined:undefined":5,"s:185:2:187:Infinity":19,"s:186:4:186:Infinity":20,"s:190:2:221:Infinity":21,"s:191:4:215:Infinity":22,"f:191:69:191:70":5,"s:192:21:192:Infinity":23,"s:194:6:199:Infinity":24,"f:194:23:194:29":6,"s:195:8:198:Infinity":25,"s:201:6:206:Infinity":26,"f:201:25:201:31":7,"s:203:8:203:Infinity":27,"s:204:8:204:Infinity":28,"s:205:8:205:Infinity":29,"s:209:6:214:Infinity":30,"f:209:17:209:23":8,"s:210:8:213:Infinity":31,"s:217:4:220:Infinity":32,"b:219:68:219:82:219:82:219:Infinity":6,"f:227:16:227:38":9,"s:229:18:229:Infinity":33,"b:230:2:232:Infinity:undefined:undefined:undefined:undefined":7,"s:230:2:232:Infinity":34,"s:231:4:231:Infinity":35,"b:231:20:231:37:231:37:231:62":8,"b:234:2:242:Infinity:undefined:undefined:undefined:undefined":9,"s:234:2:242:Infinity":36,"s:235:4:241:Infinity":37,"s:236:6:236:Infinity":38,"s:237:6:237:Infinity":39,"s:239:6:239:Infinity":40,"s:240:6:240:Infinity":41,"s:243:2:243:Infinity":42,"f:249:22:249:54":10,"s:250:13:250:Infinity":43,"s:252:15:277:Infinity":44,"s:279:15:279:Infinity":45,"s:280:2:280:Infinity":46,"f:286:22:286:37":11,"s:287:15:287:Infinity":47,"s:288:15:288:Infinity":48,"s:290:13:290:Infinity":49,"s:293:2:297:Infinity":50,"f:293:40:293:52":12,"s:294:4:296:Infinity":51,"s:295:6:295:Infinity":52,"s:300:2:325:Infinity":53,"f:300:40:300:52":13,"b:301:4:301:Infinity:undefined:undefined:undefined:undefined":10,"s:301:4:301:Infinity":54,"s:301:27:301:Infinity":55,"b:302:4:302:Infinity:undefined:undefined:undefined:undefined":11,"s:302:4:302:Infinity":56,"s:302:21:302:Infinity":57,"b:303:4:303:Infinity:undefined:undefined:undefined:undefined":12,"s:303:4:303:Infinity":58,"s:303:25:303:Infinity":59,"b:304:4:304:Infinity:undefined:undefined:undefined:undefined":13,"s:304:4:304:Infinity":60,"s:304:19:304:Infinity":61,"b:305:4:305:Infinity:undefined:undefined:undefined:undefined":14,"s:305:4:305:Infinity":62,"s:305:25:305:Infinity":63,"b:306:4:306:Infinity:undefined:undefined:undefined:undefined":15,"s:306:4:306:Infinity":64,"s:306:35:306:Infinity":65,"b:307:4:307:Infinity:undefined:undefined:undefined:undefined":16,"s:307:4:307:Infinity":66,"s:307:35:307:Infinity":67,"b:308:4:308:Infinity:undefined:undefined:undefined:undefined":17,"s:308:4:308:Infinity":68,"s:308:22:308:Infinity":69,"b:309:4:309:Infinity:undefined:undefined:undefined:undefined":18,"s:309:4:309:Infinity":70,"s:309:29:309:Infinity":71,"b:310:4:310:Infinity:undefined:undefined:undefined:undefined":19,"s:310:4:310:Infinity":72,"s:310:22:310:Infinity":73,"b:311:4:311:Infinity:undefined:undefined:undefined:undefined":20,"s:311:4:311:Infinity":74,"s:311:34:311:Infinity":75,"b:312:4:312:Infinity:undefined:undefined:undefined:undefined":21,"s:312:4:312:Infinity":76,"s:312:28:312:Infinity":77,"b:313:4:313:Infinity:undefined:undefined:undefined:undefined":22,"s:313:4:313:Infinity":78,"s:313:25:313:Infinity":79,"b:314:4:314:Infinity:undefined:undefined:undefined:undefined":23,"s:314:4:314:Infinity":80,"s:314:28:314:Infinity":81,"b:315:4:315:Infinity:undefined:undefined:undefined:undefined":24,"s:315:4:315:Infinity":82,"s:315:38:315:Infinity":83,"b:316:4:316:Infinity:undefined:undefined:undefined:undefined":25,"s:316:4:316:Infinity":84,"s:316:29:316:Infinity":85,"b:317:4:317:Infinity:undefined:undefined:undefined:undefined":26,"s:317:4:317:Infinity":86,"s:317:38:317:Infinity":87,"b:318:4:318:Infinity:undefined:undefined:undefined:undefined":27,"s:318:4:318:Infinity":88,"s:318:34:318:Infinity":89,"b:319:4:319:Infinity:undefined:undefined:undefined:undefined":28,"s:319:4:319:Infinity":90,"s:319:34:319:Infinity":91,"b:320:4:320:Infinity:undefined:undefined:undefined:undefined":29,"s:320:4:320:Infinity":92,"s:320:28:320:Infinity":93,"b:321:4:321:Infinity:undefined:undefined:undefined:undefined":30,"s:321:4:321:Infinity":94,"s:321:27:321:Infinity":95,"b:322:4:322:Infinity:undefined:undefined:undefined:undefined":31,"s:322:4:322:Infinity":96,"s:322:23:322:Infinity":97,"b:323:4:323:Infinity:undefined:undefined:undefined:undefined":32,"s:323:4:323:Infinity":98,"s:323:42:323:Infinity":99,"b:324:4:324:Infinity:undefined:undefined:undefined:undefined":33,"s:324:4:324:Infinity":100,"s:324:36:324:Infinity":101,"f:331:22:331:53":14,"s:332:13:332:Infinity":102,"s:333:2:337:Infinity":103,"f:333:40:333:52":15,"s:334:4:336:Infinity":104,"s:335:6:335:Infinity":105}}}
,"/Users/guilhermebarros/Documents/Coding/Cortex Cash/lib/errors/custom-errors.ts": {"path":"/Users/guilhermebarros/Documents/Coding/Cortex Cash/lib/errors/custom-errors.ts","statementMap":{"0":{"start":{"line":16,"column":4},"end":{"line":16,"column":null}},"1":{"start":{"line":17,"column":4},"end":{"line":17,"column":null}},"2":{"start":{"line":18,"column":4},"end":{"line":18,"column":null}},"3":{"start":{"line":21,"column":4},"end":{"line":23,"column":null}},"4":{"start":{"line":22,"column":6},"end":{"line":22,"column":null}},"5":{"start":{"line":25,"column":4},"end":{"line":25,"column":null}},"6":{"start":{"line":34,"column":20},"end":{"line":36,"column":null}},"7":{"start":{"line":37,"column":4},"end":{"line":37,"column":null}},"8":{"start":{"line":48,"column":4},"end":{"line":48,"column":null}},"9":{"start":{"line":49,"column":4},"end":{"line":49,"column":null}},"10":{"start":{"line":60,"column":4},"end":{"line":60,"column":null}},"11":{"start":{"line":61,"column":4},"end":{"line":61,"column":null}},"12":{"start":{"line":70,"column":4},"end":{"line":70,"column":null}},"13":{"start":{"line":81,"column":20},"end":{"line":83,"column":null}},"14":{"start":{"line":84,"column":4},"end":{"line":84,"column":null}},"15":{"start":{"line":85,"column":4},"end":{"line":85,"column":null}},"16":{"start":{"line":94,"column":4},"end":{"line":94,"column":null}},"17":{"start":{"line":103,"column":4},"end":{"line":103,"column":null}},"18":{"start":{"line":112,"column":4},"end":{"line":112,"column":null}},"19":{"start":{"line":120,"column":2},"end":{"line":122,"column":null}},"20":{"start":{"line":121,"column":4},"end":{"line":121,"column":null}},"21":{"start":{"line":123,"column":2},"end":{"line":123,"column":null}},"22":{"start":{"line":130,"column":2},"end":{"line":132,"column":null}},"23":{"start":{"line":131,"column":4},"end":{"line":131,"column":null}},"24":{"start":{"line":133,"column":2},"end":{"line":135,"column":null}},"25":{"start":{"line":134,"column":4},"end":{"line":134,"column":null}},"26":{"start":{"line":136,"column":2},"end":{"line":136,"column":null}},"27":{"start":{"line":149,"column":2},"end":{"line":157,"column":null}},"28":{"start":{"line":150,"column":4},"end":{"line":156,"column":null}},"29":{"start":{"line":159,"column":2},"end":{"line":164,"column":null}},"30":{"start":{"line":160,"column":4},"end":{"line":163,"column":null}},"31":{"start":{"line":166,"column":2},"end":{"line":168,"column":null}}},"fnMap":{"0":{"name":"(anonymous_0)","decl":{"start":{"line":15,"column":2},"end":{"line":15,"column":14}},"loc":{"start":{"line":15,"column":88},"end":{"line":26,"column":null}},"line":15},"1":{"name":"(anonymous_1)","decl":{"start":{"line":33,"column":2},"end":{"line":33,"column":14}},"loc":{"start":{"line":33,"column":45},"end":{"line":38,"column":null}},"line":33},"2":{"name":"(anonymous_2)","decl":{"start":{"line":47,"column":2},"end":{"line":47,"column":14}},"loc":{"start":{"line":47,"column":50},"end":{"line":50,"column":null}},"line":47},"3":{"name":"(anonymous_3)","decl":{"start":{"line":59,"column":2},"end":{"line":59,"column":14}},"loc":{"start":{"line":59,"column":54},"end":{"line":62,"column":null}},"line":59},"4":{"name":"(anonymous_4)","decl":{"start":{"line":69,"column":2},"end":{"line":69,"column":14}},"loc":{"start":{"line":69,"column":31},"end":{"line":71,"column":null}},"line":69},"5":{"name":"(anonymous_5)","decl":{"start":{"line":80,"column":2},"end":{"line":80,"column":14}},"loc":{"start":{"line":80,"column":48},"end":{"line":86,"column":null}},"line":80},"6":{"name":"(anonymous_6)","decl":{"start":{"line":93,"column":2},"end":{"line":93,"column":14}},"loc":{"start":{"line":93,"column":58},"end":{"line":95,"column":null}},"line":93},"7":{"name":"(anonymous_7)","decl":{"start":{"line":102,"column":2},"end":{"line":102,"column":14}},"loc":{"start":{"line":102,"column":50},"end":{"line":104,"column":null}},"line":102},"8":{"name":"(anonymous_8)","decl":{"start":{"line":111,"column":2},"end":{"line":111,"column":14}},"loc":{"start":{"line":111,"column":31},"end":{"line":113,"column":null}},"line":111},"9":{"name":"isOperationalError","decl":{"start":{"line":119,"column":16},"end":{"line":119,"column":35}},"loc":{"start":{"line":119,"column":58},"end":{"line":124,"column":null}},"line":119},"10":{"name":"getErrorMessage","decl":{"start":{"line":129,"column":16},"end":{"line":129,"column":32}},"loc":{"start":{"line":129,"column":56},"end":{"line":137,"column":null}},"line":129},"11":{"name":"formatErrorForLog","decl":{"start":{"line":142,"column":16},"end":{"line":142,"column":34}},"loc":{"start":{"line":148,"column":2},"end":{"line":169,"column":null}},"line":148}},"branchMap":{"0":{"loc":{"start":{"line":15,"column":31},"end":{"line":15,"column":57}},"type":"default-arg","locations":[{"start":{"line":15,"column":52},"end":{"line":15,"column":57}}],"line":15},"1":{"loc":{"start":{"line":15,"column":57},"end":{"line":15,"column":88}},"type":"default-arg","locations":[{"start":{"line":15,"column":82},"end":{"line":15,"column":88}}],"line":15},"2":{"loc":{"start":{"line":21,"column":4},"end":{"line":23,"column":null}},"type":"if","locations":[{"start":{"line":21,"column":4},"end":{"line":23,"column":null}},{"start":{},"end":{}}],"line":21},"3":{"loc":{"start":{"line":34,"column":20},"end":{"line":36,"column":null}},"type":"cond-expr","locations":[{"start":{"line":35,"column":8},"end":{"line":35,"column":null}},{"start":{"line":36,"column":8},"end":{"line":36,"column":null}}],"line":34},"4":{"loc":{"start":{"line":49,"column":18},"end":{"line":49,"column":null}},"type":"binary-expr","locations":[{"start":{"line":49,"column":18},"end":{"line":49,"column":28}},{"start":{"line":49,"column":28},"end":{"line":49,"column":null}}],"line":49},"5":{"loc":{"start":{"line":81,"column":20},"end":{"line":83,"column":null}},"type":"cond-expr","locations":[{"start":{"line":82,"column":8},"end":{"line":82,"column":null}},{"start":{"line":83,"column":8},"end":{"line":83,"column":null}}],"line":81},"6":{"loc":{"start":{"line":93,"column":14},"end":{"line":93,"column":58}},"type":"default-arg","locations":[{"start":{"line":93,"column":32},"end":{"line":93,"column":58}}],"line":93},"7":{"loc":{"start":{"line":102,"column":14},"end":{"line":102,"column":50}},"type":"default-arg","locations":[{"start":{"line":102,"column":32},"end":{"line":102,"column":50}}],"line":102},"8":{"loc":{"start":{"line":120,"column":2},"end":{"line":122,"column":null}},"type":"if","locations":[{"start":{"line":120,"column":2},"end":{"line":122,"column":null}},{"start":{},"end":{}}],"line":120},"9":{"loc":{"start":{"line":130,"column":2},"end":{"line":132,"column":null}},"type":"if","locations":[{"start":{"line":130,"column":2},"end":{"line":132,"column":null}},{"start":{},"end":{}}],"line":130},"10":{"loc":{"start":{"line":133,"column":2},"end":{"line":135,"column":null}},"type":"if","locations":[{"start":{"line":133,"column":2},"end":{"line":135,"column":null}},{"start":{},"end":{}}],"line":133},"11":{"loc":{"start":{"line":149,"column":2},"end":{"line":157,"column":null}},"type":"if","locations":[{"start":{"line":149,"column":2},"end":{"line":157,"column":null}},{"start":{},"end":{}}],"line":149},"12":{"loc":{"start":{"line":155,"column":14},"end":{"line":155,"column":null}},"type":"cond-expr","locations":[{"start":{"line":155,"column":49},"end":{"line":155,"column":64}},{"start":{"line":155,"column":64},"end":{"line":155,"column":null}}],"line":155},"13":{"loc":{"start":{"line":159,"column":2},"end":{"line":164,"column":null}},"type":"if","locations":[{"start":{"line":159,"column":2},"end":{"line":164,"column":null}},{"start":{},"end":{}}],"line":159}},"s":{"0":36,"1":36,"2":36,"3":36,"4":36,"5":36,"6":14,"7":14,"8":22,"9":22,"10":0,"11":0,"12":0,"13":0,"14":0,"15":0,"16":0,"17":0,"18":0,"19":0,"20":0,"21":0,"22":0,"23":0,"24":0,"25":0,"26":0,"27":0,"28":0,"29":0,"30":0,"31":0},"f":{"0":36,"1":14,"2":22,"3":0,"4":0,"5":0,"6":0,"7":0,"8":0,"9":0,"10":0,"11":0},"b":{"0":[36],"1":[36],"2":[36,0],"3":[8,6],"4":[22,13],"5":[0,0],"6":[0],"7":[0],"8":[0,0],"9":[0,0],"10":[0,0],"11":[0,0],"12":[0,0],"13":[0,0]},"meta":{"lastBranch":14,"lastFunction":12,"lastStatement":32,"seen":{"f:15:2:15:14":0,"b:15:52:15:57":0,"b:15:82:15:88":1,"s:16:4:16:Infinity":0,"s:17:4:17:Infinity":1,"s:18:4:18:Infinity":2,"b:21:4:23:Infinity:undefined:undefined:undefined:undefined":2,"s:21:4:23:Infinity":3,"s:22:6:22:Infinity":4,"s:25:4:25:Infinity":5,"f:33:2:33:14":1,"s:34:20:36:Infinity":6,"b:35:8:35:Infinity:36:8:36:Infinity":3,"s:37:4:37:Infinity":7,"f:47:2:47:14":2,"s:48:4:48:Infinity":8,"s:49:4:49:Infinity":9,"b:49:18:49:28:49:28:49:Infinity":4,"f:59:2:59:14":3,"s:60:4:60:Infinity":10,"s:61:4:61:Infinity":11,"f:69:2:69:14":4,"s:70:4:70:Infinity":12,"f:80:2:80:14":5,"s:81:20:83:Infinity":13,"b:82:8:82:Infinity:83:8:83:Infinity":5,"s:84:4:84:Infinity":14,"s:85:4:85:Infinity":15,"f:93:2:93:14":6,"b:93:32:93:58":6,"s:94:4:94:Infinity":16,"f:102:2:102:14":7,"b:102:32:102:50":7,"s:103:4:103:Infinity":17,"f:111:2:111:14":8,"s:112:4:112:Infinity":18,"f:119:16:119:35":9,"b:120:2:122:Infinity:undefined:undefined:undefined:undefined":8,"s:120:2:122:Infinity":19,"s:121:4:121:Infinity":20,"s:123:2:123:Infinity":21,"f:129:16:129:32":10,"b:130:2:132:Infinity:undefined:undefined:undefined:undefined":9,"s:130:2:132:Infinity":22,"s:131:4:131:Infinity":23,"b:133:2:135:Infinity:undefined:undefined:undefined:undefined":10,"s:133:2:135:Infinity":24,"s:134:4:134:Infinity":25,"s:136:2:136:Infinity":26,"f:142:16:142:34":11,"b:149:2:157:Infinity:undefined:undefined:undefined:undefined":11,"s:149:2:157:Infinity":27,"s:150:4:156:Infinity":28,"b:155:49:155:64:155:64:155:Infinity":12,"b:159:2:164:Infinity:undefined:undefined:undefined:undefined":13,"s:159:2:164:Infinity":29,"s:160:4:163:Infinity":30,"s:166:2:168:Infinity":31}}}
,"/Users/guilhermebarros/Documents/Coding/Cortex Cash/lib/errors/index.ts": {"path":"/Users/guilhermebarros/Documents/Coding/Cortex Cash/lib/errors/index.ts","statementMap":{},"fnMap":{},"branchMap":{},"s":{},"f":{},"b":{},"meta":{"lastBranch":0,"lastFunction":0,"lastStatement":0,"seen":{}}}
,"/Users/guilhermebarros/Documents/Coding/Cortex Cash/lib/finance/classification/prompts.ts": {"path":"/Users/guilhermebarros/Documents/Coding/Cortex Cash/lib/finance/classification/prompts.ts","statementMap":{"0":{"start":{"line":25,"column":26},"end":{"line":31,"column":null}},"1":{"start":{"line":27,"column":20},"end":{"line":27,"column":null}},"2":{"start":{"line":28,"column":20},"end":{"line":28,"column":null}},"3":{"start":{"line":29,"column":6},"end":{"line":29,"column":null}},"4":{"start":{"line":34,"column":19},"end":{"line":40,"column":null}},"5":{"start":{"line":46,"column":2},"end":{"line":59,"column":null}},"6":{"start":{"line":95,"column":29},"end":{"line":95,"column":null}},"7":{"start":{"line":122,"column":33},"end":{"line":132,"column":null}}},"fnMap":{"0":{"name":"generateClassificationPrompt","decl":{"start":{"line":19,"column":16},"end":{"line":19,"column":null}},"loc":{"start":{"line":24,"column":10},"end":{"line":90,"column":null}},"line":24},"1":{"name":"(anonymous_1)","decl":{"start":{"line":26,"column":9},"end":{"line":26,"column":14}},"loc":{"start":{"line":26,"column":14},"end":{"line":30,"column":5}},"line":26}},"branchMap":{"0":{"loc":{"start":{"line":27,"column":20},"end":{"line":27,"column":null}},"type":"binary-expr","locations":[{"start":{"line":27,"column":20},"end":{"line":27,"column":31}},{"start":{"line":27,"column":31},"end":{"line":27,"column":null}}],"line":27},"1":{"loc":{"start":{"line":28,"column":20},"end":{"line":28,"column":null}},"type":"cond-expr","locations":[{"start":{"line":28,"column":30},"end":{"line":28,"column":48}},{"start":{"line":28,"column":48},"end":{"line":28,"column":null}}],"line":28},"2":{"loc":{"start":{"line":34,"column":19},"end":{"line":40,"column":null}},"type":"cond-expr","locations":[{"start":{"line":35,"column":6},"end":{"line":35,"column":null}},{"start":{"line":40,"column":6},"end":{"line":40,"column":null}}],"line":34}},"s":{"0":12,"1":35,"2":35,"3":35,"4":12,"5":12,"6":2,"7":2},"f":{"0":12,"1":35},"b":{"0":[35,35],"1":[0,35],"2":[12,0]},"meta":{"lastBranch":3,"lastFunction":2,"lastStatement":8,"seen":{"f:19:16:19:Infinity":0,"s:25:26:31:Infinity":0,"f:26:9:26:14":1,"s:27:20:27:Infinity":1,"b:27:20:27:31:27:31:27:Infinity":0,"s:28:20:28:Infinity":2,"b:28:30:28:48:28:48:28:Infinity":1,"s:29:6:29:Infinity":3,"s:34:19:40:Infinity":4,"b:35:6:35:Infinity:40:6:40:Infinity":2,"s:46:2:59:Infinity":5,"s:95:29:95:Infinity":6,"s:122:33:132:Infinity":7}}}
,"/Users/guilhermebarros/Documents/Coding/Cortex Cash/lib/import/dedupe.ts": {"path":"/Users/guilhermebarros/Documents/Coding/Cortex Cash/lib/import/dedupe.ts","statementMap":{"0":{"start":{"line":31,"column":18},"end":{"line":33,"column":null}},"1":{"start":{"line":34,"column":20},"end":{"line":39,"column":null}},"2":{"start":{"line":42,"column":18},"end":{"line":42,"column":null}},"3":{"start":{"line":43,"column":15},"end":{"line":43,"column":null}},"4":{"start":{"line":44,"column":21},"end":{"line":44,"column":null}},"5":{"start":{"line":47,"column":20},"end":{"line":47,"column":null}},"6":{"start":{"line":48,"column":18},"end":{"line":48,"column":null}},"7":{"start":{"line":48,"column":39},"end":{"line":48,"column":70}},"8":{"start":{"line":50,"column":2},"end":{"line":50,"column":null}},"9":{"start":{"line":54,"column":28},"end":{"line":54,"column":null}},"10":{"start":{"line":67,"column":21},"end":{"line":72,"column":null}},"11":{"start":{"line":68,"column":33},"end":{"line":71,"column":6}},"12":{"start":{"line":74,"column":2},"end":{"line":74,"column":null}},"13":{"start":{"line":87,"column":15},"end":{"line":87,"column":null}},"14":{"start":{"line":88,"column":36},"end":{"line":88,"column":null}},"15":{"start":{"line":90,"column":2},"end":{"line":97,"column":null}},"16":{"start":{"line":91,"column":4},"end":{"line":91,"column":null}},"17":{"start":{"line":91,"column":25},"end":{"line":91,"column":null}},"18":{"start":{"line":93,"column":4},"end":{"line":96,"column":null}},"19":{"start":{"line":94,"column":6},"end":{"line":94,"column":null}},"20":{"start":{"line":95,"column":6},"end":{"line":95,"column":null}},"21":{"start":{"line":99,"column":2},"end":{"line":99,"column":null}},"22":{"start":{"line":119,"column":21},"end":{"line":119,"column":null}},"23":{"start":{"line":122,"column":24},"end":{"line":122,"column":null}},"24":{"start":{"line":125,"column":8},"end":{"line":125,"column":null}},"25":{"start":{"line":126,"column":21},"end":{"line":129,"column":null}},"26":{"start":{"line":131,"column":25},"end":{"line":133,"column":null}},"27":{"start":{"line":132,"column":26},"end":{"line":132,"column":32}},"28":{"start":{"line":132,"column":61},"end":{"line":132,"column":64}},"29":{"start":{"line":136,"column":47},"end":{"line":136,"column":null}},"30":{"start":{"line":137,"column":51},"end":{"line":137,"column":null}},"31":{"start":{"line":139,"column":2},"end":{"line":151,"column":null}},"32":{"start":{"line":140,"column":4},"end":{"line":144,"column":null}},"33":{"start":{"line":142,"column":6},"end":{"line":142,"column":null}},"34":{"start":{"line":143,"column":6},"end":{"line":143,"column":null}},"35":{"start":{"line":146,"column":4},"end":{"line":150,"column":null}},"36":{"start":{"line":147,"column":6},"end":{"line":147,"column":null}},"37":{"start":{"line":149,"column":6},"end":{"line":149,"column":null}},"38":{"start":{"line":153,"column":2},"end":{"line":159,"column":null}},"39":{"start":{"line":173,"column":15},"end":{"line":173,"column":null}},"40":{"start":{"line":175,"column":8},"end":{"line":175,"column":null}},"41":{"start":{"line":176,"column":16},"end":{"line":179,"column":null}},"42":{"start":{"line":181,"column":2},"end":{"line":181,"column":null}},"43":{"start":{"line":195,"column":2},"end":{"line":195,"column":null}},"44":{"start":{"line":195,"column":22},"end":{"line":195,"column":null}},"45":{"start":{"line":196,"column":21},"end":{"line":196,"column":null}},"46":{"start":{"line":197,"column":2},"end":{"line":197,"column":null}},"47":{"start":{"line":209,"column":17},"end":{"line":209,"column":null}},"48":{"start":{"line":211,"column":2},"end":{"line":217,"column":null}},"49":{"start":{"line":212,"column":4},"end":{"line":212,"column":null}},"50":{"start":{"line":212,"column":25},"end":{"line":212,"column":null}},"51":{"start":{"line":214,"column":21},"end":{"line":214,"column":null}},"52":{"start":{"line":215,"column":4},"end":{"line":215,"column":null}},"53":{"start":{"line":216,"column":4},"end":{"line":216,"column":null}},"54":{"start":{"line":219,"column":2},"end":{"line":219,"column":null}},"55":{"start":{"line":229,"column":17},"end":{"line":229,"column":null}},"56":{"start":{"line":230,"column":31},"end":{"line":230,"column":null}},"57":{"start":{"line":232,"column":2},"end":{"line":236,"column":null}},"58":{"start":{"line":233,"column":4},"end":{"line":235,"column":null}},"59":{"start":{"line":234,"column":6},"end":{"line":234,"column":null}},"60":{"start":{"line":238,"column":2},"end":{"line":238,"column":null}}},"fnMap":{"0":{"name":"generateTransactionHash","decl":{"start":{"line":26,"column":22},"end":{"line":26,"column":null}},"loc":{"start":{"line":29,"column":19},"end":{"line":51,"column":null}},"line":29},"1":{"name":"(anonymous_1)","decl":{"start":{"line":48,"column":32},"end":{"line":48,"column":33}},"loc":{"start":{"line":48,"column":39},"end":{"line":48,"column":70}},"line":48},"2":{"name":"addHashes","decl":{"start":{"line":63,"column":22},"end":{"line":63,"column":null}},"loc":{"start":{"line":66,"column":30},"end":{"line":75,"column":null}},"line":66},"3":{"name":"(anonymous_3)","decl":{"start":{"line":68,"column":19},"end":{"line":68,"column":26}},"loc":{"start":{"line":68,"column":33},"end":{"line":71,"column":6}},"line":68},"4":{"name":"removeDuplicatesInArray","decl":{"start":{"line":84,"column":16},"end":{"line":84,"column":null}},"loc":{"start":{"line":86,"column":21},"end":{"line":100,"column":null}},"line":86},"5":{"name":"deduplicateTransactions","decl":{"start":{"line":114,"column":22},"end":{"line":114,"column":null}},"loc":{"start":{"line":117,"column":25},"end":{"line":160,"column":null}},"line":117},"6":{"name":"(anonymous_6)","decl":{"start":{"line":132,"column":19},"end":{"line":132,"column":20}},"loc":{"start":{"line":132,"column":26},"end":{"line":132,"column":32}},"line":132},"7":{"name":"(anonymous_7)","decl":{"start":{"line":132,"column":41},"end":{"line":132,"column":42}},"loc":{"start":{"line":132,"column":61},"end":{"line":132,"column":64}},"line":132},"8":{"name":"isDuplicate","decl":{"start":{"line":169,"column":22},"end":{"line":169,"column":null}},"loc":{"start":{"line":172,"column":20},"end":{"line":182,"column":null}},"line":172},"9":{"name":"calculateDuplicationRate","decl":{"start":{"line":191,"column":16},"end":{"line":191,"column":null}},"loc":{"start":{"line":194,"column":10},"end":{"line":198,"column":null}},"line":194},"10":{"name":"groupByHash","decl":{"start":{"line":206,"column":16},"end":{"line":206,"column":null}},"loc":{"start":{"line":208,"column":34},"end":{"line":220,"column":null}},"line":208},"11":{"name":"findDuplicateHashes","decl":{"start":{"line":228,"column":16},"end":{"line":228,"column":36}},"loc":{"start":{"line":228,"column":77},"end":{"line":239,"column":null}},"line":228}},"branchMap":{"0":{"loc":{"start":{"line":31,"column":18},"end":{"line":33,"column":null}},"type":"cond-expr","locations":[{"start":{"line":32,"column":6},"end":{"line":32,"column":null}},{"start":{"line":33,"column":6},"end":{"line":33,"column":null}}],"line":31},"1":{"loc":{"start":{"line":35,"column":4},"end":{"line":35,"column":null}},"type":"binary-expr","locations":[{"start":{"line":35,"column":4},"end":{"line":35,"column":16}},{"start":{"line":35,"column":16},"end":{"line":35,"column":null}}],"line":35},"2":{"loc":{"start":{"line":91,"column":4},"end":{"line":91,"column":null}},"type":"if","locations":[{"start":{"line":91,"column":4},"end":{"line":91,"column":null}},{"start":{},"end":{}}],"line":91},"3":{"loc":{"start":{"line":93,"column":4},"end":{"line":96,"column":null}},"type":"if","locations":[{"start":{"line":93,"column":4},"end":{"line":96,"column":null}},{"start":{},"end":{}}],"line":93},"4":{"loc":{"start":{"line":140,"column":4},"end":{"line":144,"column":null}},"type":"if","locations":[{"start":{"line":140,"column":4},"end":{"line":144,"column":null}},{"start":{},"end":{}}],"line":140},"5":{"loc":{"start":{"line":146,"column":4},"end":{"line":150,"column":null}},"type":"if","locations":[{"start":{"line":146,"column":4},"end":{"line":150,"column":null}},{"start":{"line":148,"column":11},"end":{"line":150,"column":null}}],"line":146},"6":{"loc":{"start":{"line":195,"column":2},"end":{"line":195,"column":null}},"type":"if","locations":[{"start":{"line":195,"column":2},"end":{"line":195,"column":null}},{"start":{},"end":{}}],"line":195},"7":{"loc":{"start":{"line":212,"column":4},"end":{"line":212,"column":null}},"type":"if","locations":[{"start":{"line":212,"column":4},"end":{"line":212,"column":null}},{"start":{},"end":{}}],"line":212},"8":{"loc":{"start":{"line":214,"column":21},"end":{"line":214,"column":null}},"type":"binary-expr","locations":[{"start":{"line":214,"column":21},"end":{"line":214,"column":51}},{"start":{"line":214,"column":51},"end":{"line":214,"column":null}}],"line":214},"9":{"loc":{"start":{"line":233,"column":4},"end":{"line":235,"column":null}},"type":"if","locations":[{"start":{"line":233,"column":4},"end":{"line":235,"column":null}},{"start":{},"end":{}}],"line":233}},"s":{"0":76,"1":76,"2":76,"3":76,"4":76,"5":76,"6":76,"7":2432,"8":76,"9":2,"10":7,"11":15,"12":7,"13":3,"14":3,"15":3,"16":5,"17":1,"18":4,"19":3,"20":3,"21":3,"22":0,"23":0,"24":0,"25":0,"26":0,"27":0,"28":0,"29":0,"30":0,"31":0,"32":0,"33":0,"34":0,"35":0,"36":0,"37":0,"38":0,"39":0,"40":0,"41":0,"42":0,"43":5,"44":1,"45":4,"46":4,"47":4,"48":4,"49":9,"50":1,"51":8,"52":9,"53":9,"54":4,"55":2,"56":2,"57":2,"58":4,"59":1,"60":2},"f":{"0":76,"1":2432,"2":7,"3":15,"4":3,"5":0,"6":0,"7":0,"8":0,"9":5,"10":4,"11":2},"b":{"0":[76,0],"1":[76,27],"2":[1,4],"3":[3,1],"4":[0,0],"5":[0,0],"6":[1,4],"7":[1,8],"8":[8,6],"9":[1,3]},"meta":{"lastBranch":10,"lastFunction":12,"lastStatement":61,"seen":{"f:26:22:26:Infinity":0,"s:31:18:33:Infinity":0,"b:32:6:32:Infinity:33:6:33:Infinity":0,"s:34:20:39:Infinity":1,"b:35:4:35:16:35:16:35:Infinity":1,"s:42:18:42:Infinity":2,"s:43:15:43:Infinity":3,"s:44:21:44:Infinity":4,"s:47:20:47:Infinity":5,"s:48:18:48:Infinity":6,"f:48:32:48:33":1,"s:48:39:48:70":7,"s:50:2:50:Infinity":8,"s:54:28:54:Infinity":9,"f:63:22:63:Infinity":2,"s:67:21:72:Infinity":10,"f:68:19:68:26":3,"s:68:33:71:6":11,"s:74:2:74:Infinity":12,"f:84:16:84:Infinity":4,"s:87:15:87:Infinity":13,"s:88:36:88:Infinity":14,"s:90:2:97:Infinity":15,"b:91:4:91:Infinity:undefined:undefined:undefined:undefined":2,"s:91:4:91:Infinity":16,"s:91:25:91:Infinity":17,"b:93:4:96:Infinity:undefined:undefined:undefined:undefined":3,"s:93:4:96:Infinity":18,"s:94:6:94:Infinity":19,"s:95:6:95:Infinity":20,"s:99:2:99:Infinity":21,"f:114:22:114:Infinity":5,"s:119:21:119:Infinity":22,"s:122:24:122:Infinity":23,"s:125:8:125:Infinity":24,"s:126:21:129:Infinity":25,"s:131:25:133:Infinity":26,"f:132:19:132:20":6,"s:132:26:132:32":27,"f:132:41:132:42":7,"s:132:61:132:64":28,"s:136:47:136:Infinity":29,"s:137:51:137:Infinity":30,"s:139:2:151:Infinity":31,"b:140:4:144:Infinity:undefined:undefined:undefined:undefined":4,"s:140:4:144:Infinity":32,"s:142:6:142:Infinity":33,"s:143:6:143:Infinity":34,"b:146:4:150:Infinity:148:11:150:Infinity":5,"s:146:4:150:Infinity":35,"s:147:6:147:Infinity":36,"s:149:6:149:Infinity":37,"s:153:2:159:Infinity":38,"f:169:22:169:Infinity":8,"s:173:15:173:Infinity":39,"s:175:8:175:Infinity":40,"s:176:16:179:Infinity":41,"s:181:2:181:Infinity":42,"f:191:16:191:Infinity":9,"b:195:2:195:Infinity:undefined:undefined:undefined:undefined":6,"s:195:2:195:Infinity":43,"s:195:22:195:Infinity":44,"s:196:21:196:Infinity":45,"s:197:2:197:Infinity":46,"f:206:16:206:Infinity":10,"s:209:17:209:Infinity":47,"s:211:2:217:Infinity":48,"b:212:4:212:Infinity:undefined:undefined:undefined:undefined":7,"s:212:4:212:Infinity":49,"s:212:25:212:Infinity":50,"s:214:21:214:Infinity":51,"b:214:21:214:51:214:51:214:Infinity":8,"s:215:4:215:Infinity":52,"s:216:4:216:Infinity":53,"s:219:2:219:Infinity":54,"f:228:16:228:36":11,"s:229:17:229:Infinity":55,"s:230:31:230:Infinity":56,"s:232:2:236:Infinity":57,"b:233:4:235:Infinity:undefined:undefined:undefined:undefined":9,"s:233:4:235:Infinity":58,"s:234:6:234:Infinity":59,"s:238:2:238:Infinity":60}}}
,"/Users/guilhermebarros/Documents/Coding/Cortex Cash/lib/import/detectors/separator.ts": {"path":"/Users/guilhermebarros/Documents/Coding/Cortex Cash/lib/import/detectors/separator.ts","statementMap":{"0":{"start":{"line":16,"column":16},"end":{"line":16,"column":null}},"1":{"start":{"line":16,"column":50},"end":{"line":16,"column":72}},"2":{"start":{"line":18,"column":2},"end":{"line":21,"column":null}},"3":{"start":{"line":20,"column":4},"end":{"line":20,"column":null}},"4":{"start":{"line":23,"column":37},"end":{"line":23,"column":null}},"5":{"start":{"line":24,"column":17},"end":{"line":24,"column":null}},"6":{"start":{"line":26,"column":2},"end":{"line":41,"column":null}},"7":{"start":{"line":28,"column":19},"end":{"line":28,"column":null}},"8":{"start":{"line":28,"column":29},"end":{"line":28,"column":91}},"9":{"start":{"line":31,"column":25},"end":{"line":31,"column":null}},"10":{"start":{"line":32,"column":4},"end":{"line":40,"column":null}},"11":{"start":{"line":34,"column":6},"end":{"line":34,"column":null}},"12":{"start":{"line":35,"column":4},"end":{"line":40,"column":null}},"13":{"start":{"line":37,"column":6},"end":{"line":37,"column":null}},"14":{"start":{"line":39,"column":6},"end":{"line":39,"column":null}},"15":{"start":{"line":44,"column":30},"end":{"line":44,"column":null}},"16":{"start":{"line":45,"column":18},"end":{"line":45,"column":null}},"17":{"start":{"line":47,"column":2},"end":{"line":52,"column":null}},"18":{"start":{"line":48,"column":4},"end":{"line":51,"column":null}},"19":{"start":{"line":49,"column":6},"end":{"line":49,"column":null}},"20":{"start":{"line":50,"column":6},"end":{"line":50,"column":null}},"21":{"start":{"line":54,"column":2},"end":{"line":54,"column":null}},"22":{"start":{"line":64,"column":16},"end":{"line":64,"column":null}},"23":{"start":{"line":64,"column":50},"end":{"line":64,"column":72}},"24":{"start":{"line":66,"column":2},"end":{"line":66,"column":null}},"25":{"start":{"line":66,"column":24},"end":{"line":66,"column":null}},"26":{"start":{"line":68,"column":17},"end":{"line":68,"column":null}},"27":{"start":{"line":68,"column":27},"end":{"line":68,"column":95}},"28":{"start":{"line":69,"column":23},"end":{"line":69,"column":null}},"29":{"start":{"line":72,"column":2},"end":{"line":72,"column":null}}},"fnMap":{"0":{"name":"detectSeparator","decl":{"start":{"line":15,"column":16},"end":{"line":15,"column":32}},"loc":{"start":{"line":15,"column":62},"end":{"line":55,"column":null}},"line":15},"1":{"name":"(anonymous_1)","decl":{"start":{"line":16,"column":42},"end":{"line":16,"column":50}},"loc":{"start":{"line":16,"column":50},"end":{"line":16,"column":72}},"line":16},"2":{"name":"(anonymous_2)","decl":{"start":{"line":28,"column":29},"end
[...]
":0,"4":0,"5":0,"6":0,"7":0,"8":0,"9":0,"10":0,"11":0,"12":0,"13":0,"14":0,"15":0,"16":0,"17":0,"18":0,"19":0,"20":0,"21":0,"22":0,"23":0,"24":0,"25":0,"26":0,"27":0,"28":0,"29":0,"30":0,"31":0,"32":0,"33":0,"34":0,"35":0,"36":0,"37":0,"38":0,"39":0,"40":0,"41":0,"42":0,"43":0,"44":0,"45":0,"46":0,"47":0,"48":0,"49":0,"50":0,"51":0,"52":0,"53":0,"54":0,"55":0,"56":0,"57":0,"58":0,"59":0,"60":0,"61":0,"62":0,"63":0,"64":0,"65":0,"66":0,"67":0,"68":0,"69":0,"70":0,"71":0,"72":0,"73":0,"74":0,"75":0,"76":0,"77":0,"78":0,"79":0,"80":0,"81":0,"82":0,"83":0,"84":0,"85":0,"86":0,"87":0,"88":0,"89":0,"90":0,"91":0,"92":0,"93":0,"94":0},"f":{"0":0,"1":0,"2":0,"3":0,"4":0,"5":0,"6":0,"7":0,"8":0,"9":0,"10":0,"11":0,"12":0,"13":0,"14":0,"15":0,"16":0,"17":0,"18":0,"19":0,"20":0,"21":0,"22":0,"23":0,"24":0,"25":0,"26":0,"27":0,"28":0,"29":0},"b":{"0":[0],"1":[0],"2":[0,0],"3":[0,0],"4":[0,0],"5":[0,0],"6":[0,0],"7":[0,0],"8":[0,0],"9":[0,0],"10":[0,0],"11":[0],"12":[0],"13":[0,0],"14":[0],"15":[0,0],"16":[0,0],"17":[0,0],"18":[0,0],"19":[0,0],"20":[0,0],"21":[0,0],"22":[0,0],"23":[0,0],"24":[0],"25":[0,0],"26":[0,0],"27":[0,0],"28":[0,0],"29":[0,0],"30":[0,0],"31":[0,0],"32":[0,0],"33":[0,0],"34":[0,0],"35":[0,0]},"meta":{"lastBranch":36,"lastFunction":30,"lastStatement":95,"seen":{"f:11:16:11:31":0,"s:12:48:12:Infinity":0,"b:12:21:12:28":0,"b:12:38:12:44":1,"b:12:48:12:59:12:59:12:Infinity":2,"s:15:21:15:Infinity":1,"b:16:2:22:Infinity:undefined:undefined:undefined:undefined":3,"s:16:2:22:Infinity":2,"b:16:6:16:36:16:36:16:67":4,"s:17:4:21:Infinity":3,"s:18:6:18:Infinity":4,"s:20:6:20:Infinity":5,"s:24:25:24:Infinity":6,"b:24:40:24:44:24:44:24:Infinity":5,"s:26:20:32:Infinity":7,"b:31:24:31:36:31:36:31:Infinity":6,"b:34:2:36:Infinity:undefined:undefined:undefined:undefined":7,"s:34:2:36:Infinity":8,"b:34:6:34:18:34:18:34:31":8,"s:35:4:35:Infinity":9,"b:35:23:35:41:35:41:35:Infinity":9,"s:38:2:38:Infinity":10,"b:38:21:38:39:38:39:38:Infinity":10,"f:44:16:44:30":1,"b:44:64:44:75":11,"s:45:2:49:Infinity":11,"f:55:16:55:29":2,"b:55:63:55:74":12,"s:56:2:59:Infinity":12,"f:65:16:65:30":3,"s:67:18:67:Infinity":13,"s:70:21:70:Infinity":14,"s:73:17:73:Infinity":15,"s:75:2:75:Infinity":16,"b:75:25:75:29:75:29:75:Infinity":13,"f:82:16:82:31":4,"b:82:73:82:86":14,"s:84:16:84:Infinity":17,"b:87:2:95:Infinity:92:9:95:Infinity":15,"s:87:2:95:Infinity":18,"s:89:4:89:Infinity":19,"s:91:4:91:Infinity":20,"s:94:4:94:Infinity":21,"s:98:17:98:Infinity":22,"s:100:2:100:Infinity":23,"b:100:25:100:29:100:29:100:Infinity":16,"f:106:16:106:36":5,"b:107:2:109:Infinity:undefined:undefined:undefined:undefined":17,"s:107:2:109:Infinity":24,"s:108:4:108:Infinity":25,"s:110:2:110:Infinity":26,"f:116:16:116:29":6,"b:117:2:119:Infinity:undefined:undefined:undefined:undefined":18,"s:117:2:119:Infinity":27,"s:118:4:118:Infinity":28,"s:120:2:120:Infinity":29,"f:126:16:126:31":7,"s:127:16:127:Infinity":30,"s:128:2:128:Infinity":31,"f:134:16:134:27":8,"s:135:18:135:Infinity":32,"s:136:2:136:Infinity":33,"f:142:16:142:26":9,"s:143:18:143:Infinity":34,"s:144:2:144:Infinity":35,"f:150:16:150:25":10,"b:151:2:151:Infinity:undefined:undefined:undefined:undefined":19,"s:151:2:151:Infinity":36,"s:151:32:151:Infinity":37,"s:152:2:152:Infinity":38,"f:158:16:158:27":11,"s:159:2:163:Infinity":39,"f:162:9:162:10":12,"s:162:19:162:63":40,"f:170:16:170:37":13,"s:171:2:174:Infinity":41,"f:181:22:181:35":14,"b:183:2:190:Infinity:undefined:undefined:undefined:undefined":20,"s:183:2:190:Infinity":42,"b:183:6:183:39:183:39:183:54":21,"s:184:20:184:Infinity":43,"s:185:17:185:Infinity":44,"s:186:23:186:Infinity":45,"s:187:22:187:Infinity":46,"s:188:20:188:Infinity":47,"f:188:34:188:35":15,"s:188:41:188:72":48,"s:189:4:189:Infinity":49,"s:194:17:194:Infinity":50,"s:195:2:195:Infinity":51,"f:201:16:201:31":16,"b:202:2:202:Infinity:undefined:undefined:undefined:undefined":22,"s:202:2:202:Infinity":52,"s:202:19:202:Infinity":53,"s:204:12:204:Infinity":54,"s:205:16:205:Infinity":55,"s:206:12:206:Infinity":56,"s:208:2:208:Infinity":57,"f:214:16:214:28":17,"b:215:2:215:Infinity:undefined:undefined:undefined:undefined":23,"s:215:2:215:Infinity":58,"s:215:29:215:Infinity":59,"s:216:2:216:Infinity":60,"f:222:16:222:28":18,"b:222:62:222:73":24,"s:223:16:223:Infinity":61,"s:224:19:224:Infinity":62,"f:224:29:224:30":19,"s:224:39:224:60":63,"s:225:2:225:Infinity":64,"f:231:16:231:34":20,"s:232:2:232:Infinity":65,"f:238:16:238:24":21,"s:239:2:246:Infinity":66,"f:252:16:252:27":22,"s:253:2:253:Infinity":67,"f:259:16:259:26":23,"b:260:2:260:Infinity:undefined:undefined:undefined:undefined":25,"s:260:2:260:Infinity":68,"s:260:19:260:Infinity":69,"s:262:2:269:Infinity":70,"s:264:19:264:Infinity":71,"s:265:4:265:Infinity":72,"b:265:35:265:44:265:44:265:Infinity":26,"s:268:4:268:Infinity":73,"f:268:37:268:38":24,"s:268:46:268:56":74,"f:275:16:275:35":25,"s:276:44:281:Infinity":75,"s:283:2:283:Infinity":76,"b:283:9:283:30:283:30:283:Infinity":27,"f:289:16:289:30":26,"b:290:2:290:Infinity:undefined:undefined:undefined:undefined":28,"s:290:2:290:Infinity":77,"s:290:17:290:Infinity":78,"b:291:2:291:Infinity:undefined:undefined:undefined:undefined":29,"s:291:2:291:Infinity":79,"s:291:17:291:Infinity":80,"s:292:2:292:Infinity":81,"f:298:16:298:37":27,"b:299:2:299:Infinity:undefined:undefined:undefined:undefined":30,"s:299:2:299:Infinity":82,"s:299:25:299:Infinity":83,"b:300:2:300:Infinity:undefined:undefined:undefined:undefined":31,"s:300:2:300:Infinity":84,"s:300:24:300:Infinity":85,"s:301:2:301:Infinity":86,"f:307:16:307:27":28,"s:308:12:308:Infinity":87,"b:308:39:308:56:308:56:308:Infinity":32,"b:310:2:312:Infinity:undefined:undefined:undefined:undefined":33,"s:310:2:312:Infinity":88,"s:311:4:311:Infinity":89,"s:314:2:318:Infinity":90,"f:324:16:324:31":29,"s:325:12:325:Infinity":91,"b:325:39:325:56:325:56:325:Infinity":34,"b:327:2:329:Infinity:undefined:undefined:undefined:undefined":35,"s:327:2:329:Infinity":92,"s:328:4:328:Infinity":93,"s:331:2:337:Infinity":94}}}
,"/Users/guilhermebarros/Documents/Coding/Cortex Cash/lib/validations/dtos.ts": {"path":"/Users/guilhermebarros/Documents/Coding/Cortex Cash/lib/validations/dtos.ts","statementMap":{"0":{"start":{"line":15,"column":35},"end":{"line":15,"column":null}},"1":{"start":{"line":16,"column":31},"end":{"line":16,"column":null}},"2":{"start":{"line":17,"column":38},"end":{"line":24,"column":null}},"3":{"start":{"line":25,"column":38},"end":{"line":25,"column":null}},"4":{"start":{"line":34,"column":39},"end":{"line":39,"column":null}},"5":{"start":{"line":44,"column":33},"end":{"line":54,"column":null}},"6":{"start":{"line":59,"column":37},"end":{"line":68,"column":null}},"7":{"start":{"line":73,"column":37},"end":{"line":80,"column":null}},"8":{"start":{"line":85,"column":40},"end":{"line":101,"column":null}},"9":{"start":{"line":106,"column":49},"end":{"line":113,"column":null}},"10":{"start":{"line":122,"column":33},"end":{"line":128,"column":null}},"11":{"start":{"line":127,"column":59},"end":{"line":127,"column":113}},"12":{"start":{"line":133,"column":39},"end":{"line":140,"column":null}},"13":{"start":{"line":145,"column":46},"end":{"line":155,"column":null}},"14":{"start":{"line":148,"column":67},"end":{"line":148,"column":132}},"15":{"start":{"line":154,"column":59},"end":{"line":154,"column":113}},"16":{"start":{"line":179,"column":17},"end":{"line":179,"column":null}},"17":{"start":{"line":181,"column":2},"end":{"line":184,"column":null}},"18":{"start":{"line":182,"column":19},"end":{"line":182,"column":null}},"19":{"start":{"line":182,"column":50},"end":{"line":182,"column":89}},"20":{"start":{"line":183,"column":4},"end":{"line":183,"column":null}},"21":{"start":{"line":186,"column":2},"end":{"line":186,"column":null}}},"fnMap":{"0":{"name":"(anonymous_0)","decl":{"start":{"line":127,"column":52},"end":{"line":127,"column":59}},"loc":{"start":{"line":127,"column":59},"end":{"line":127,"column":113}},"line":127},"1":{"name":"(anonymous_1)","decl":{"start":{"line":148,"column":60},"end":{"line":148,"column":67}},"loc":{"start":{"line":148,"column":67},"end":{"line":148,"column":132}},"line":148},"2":{"name":"(anonymous_2)","decl":{"start":{"line":154,"column":52},"end":{"line":154,"column":59}},"loc":{"start":{"line":154,"column":59},"end":{"line":154,"column":113}},"line":154},"3":{"name":"validateDTO","decl":{"start":{"line":178,"column":16},"end":{"line":178,"column":31}},"loc":{"start":{"line":178,"column":73},"end":{"line":187,"column":null}},"line":178},"4":{"name":"(anonymous_4)","decl":{"start":{"line":182,"column":43},"end":{"line":182,"column":50}},"loc":{"start":{"line":182,"column":50},"end":{"line":182,"column":89}},"line":182}},"branchMap":{"0":{"loc":{"start":{"line":181,"column":2},"end":{"line":184,"column":null}},"type":"if","locations":[{"start":{"line":181,"column":2},"end":{"line":184,"column":null}},{"start":{},"end":{}}],"line":181}},"s":{"0":3,"1":3,"2":3,"3":3,"4":3,"5":3,"6":3,"7":3,"8":3,"9":3,"10":3,"11":0,"12":3,"13":3,"14":0,"15":0,"16":186,"17":186,"18":9,"19":9,"20":9,"21":177},"f":{"0":0,"1":0,"2":0,"3":186,"4":9},"b":{"0":[9,177]},"meta":{"lastBranch":1,"lastFunction":5,"lastStatement":22,"seen":{"s:15:35:15:Infinity":0,"s:16:31:16:Infinity":1,"s:17:38:24:Infinity":2,"s:25:38:25:Infinity":3,"s:34:39:39:Infinity":4,"s:44:33:54:Infinity":5,"s:59:37:68:Infinity":6,"s:73:37:80:Infinity":7,"s:85:40:101:Infinity":8,"s:106:49:113:Infinity":9,"s:122:33:128:Infinity":10,"f:127:52:127:59":0,"s:127:59:127:113":11,"s:133:39:140:Infinity":12,"s:145:46:155:Infinity":13,"f:148:60:148:67":1,"s:148:67:148:132":14,"f:154:52:154:59":2,"s:154:59:154:113":15,"f:178:16:178:31":3,"s:179:17:179:Infinity":16,"b:181:2:184:Infinity:undefined:undefined:undefined:undefined":0,"s:181:2:184:Infinity":17,"s:182:19:182:Infinity":18,"f:182:43:182:50":4,"s:182:50:182:89":19,"s:183:4:183:Infinity":20,"s:186:2:186:Infinity":21}}}
,"/Users/guilhermebarros/Documents/Coding/Cortex Cash/lib/validations/settings.ts": {"path":"/Users/guilhermebarros/Documents/Coding/Cortex Cash/lib/validations/settings.ts","statementMap":{"0":{"start":{"line":14,"column":40},"end":{"line":19,"column":null}},"1":{"start":{"line":21,"column":42},"end":{"line":29,"column":null}},"2":{"start":{"line":31,"column":41},"end":{"line":38,"column":null}},"3":{"start":{"line":40,"column":50},"end":{"line":48,"column":null}},"4":{"start":{"line":50,"column":42},"end":{"line":60,"column":null}},"5":{"start":{"line":62,"column":37},"end":{"line":72,"column":null}},"6":{"start":{"line":74,"column":41},"end":{"line":83,"column":null}},"7":{"start":{"line":85,"column":38},"end":{"line":89,"column":null}},"8":{"start":{"line":95,"column":30},"end":{"line":104,"column":null}},"9":{"start":{"line":118,"column":17},"end":{"line":118,"column":null}},"10":{"start":{"line":120,"column":2},"end":{"line":122,"column":null}},"11":{"start":{"line":121,"column":4},"end":{"line":121,"column":null}},"12":{"start":{"line":124,"column":17},"end":{"line":127,"column":null}},"13":{"start":{"line":124,"column":51},"end":{"line":127,"column":4}},"14":{"start":{"line":129,"column":2},"end":{"line":129,"column":null}},"15":{"start":{"line":143,"column":47},"end":{"line":152,"column":null}},"16":{"start":{"line":154,"column":17},"end":{"line":154,"column":null}},"17":{"start":{"line":155,"column":2},"end":{"line":160,"column":null}},"18":{"start":{"line":156,"column":4},"end":{"line":159,"column":null}},"19":{"start":{"line":162,"column":17},"end":{"line":162,"column":null}},"20":{"start":{"line":164,"column":2},"end":{"line":166,"column":null}},"21":{"start":{"line":165,"column":4},"end":{"line":165,"column":null}},"22":{"start":{"line":168,"column":17},"end":{"line":171,"column":null}},"23":{"start":{"line":168,"column":51},"end":{"line":171,"column":4}},"24":{"start":{"line":173,"column":2},"end":{"line":173,"column":null}},"25":{"start":{"line":187,"column":34},"end":{"line":187,"column":null}},"26":{"start":{"line":188,"column":14},"end":{"line":188,"column":null}},"27":{"start":{"line":190,"column":52},"end":{"line":199,"column":null}},"28":{"start":{"line":201,"column":25},"end":{"line":201,"column":null}},"29":{"start":{"line":202,"column":2},"end":{"line":204,"column":null}},"30":{"start":{"line":203,"column":4},"end":{"line":203,"column":null}},"31":{"start":{"line":207,"column":26},"end":{"line":207,"column":null}},"32":{"start":{"line":208,"column":16},"end":{"line":208,"column":null}},"33":{"start":{"line":209,"column":15},"end":{"line":209,"column":null}},"34":{"start":{"line":211,"column":2},"end":{"line":214,"column":null}},"35":{"start":{"line":211,"column":15},"end":{"line":211,"column":18}},"36":{"start":{"line":212,"column":4},"end":{"line":212,"column":null}},"37":{"start":{"line":213,"column":4},"end":{"line":213,"column":null}},"38":{"start":{"line":215,"column":2},"end":{"line":215,"column":null}},"39":{"start":{"line":217,"column":18},"end":{"line":217,"column":null}},"40":{"start":{"line":219,"column":2},"end":{"line":221,"column":null}},"41":{"start":{"line":220,"column":4},"end":{"line":220,"column":null}},"42":{"start":{"line":223,"column":2},"end":{"line":226,"column":null}},"43":{"start":{"line":234,"column":2},"end":{"line":234,"column":null}},"44":{"start":{"line":240,"column":2},"end":{"line":240,"column":null}},"45":{"start":{"line":246,"column":2},"end":{"line":246,"column":null}},"46":{"start":{"line":250,"column":2},"end":{"line":250,"column":null}}},"fnMap":{"0":{"name":"validateSettings","decl":{"start":{"line":113,"column":16},"end":{"line":113,"column":33}},"loc":{"start":{"line":117,"column":2},"end":{"line":130,"column":null}},"line":117},"1":{"name":"(anonymous_1)","decl":{"start":{"line":124,"column":41},"end":{"line":124,"column":42}},"loc":{"start":{"line":124,"column":51},"end":{"line":127,"column":4}},"line":124},"2":{"name":"validateSettingsCategory","decl":{"start":{"line":135,"column":16},"end":{"line":135,"column":null}},"loc":{"start":{"line":142,"column":2},"end":{"line":174,"column":null}},"line":142},"3":{"name":"(anonymous_3)","decl":{"start":{"line":168,"column":41},"end":{"line":168,"column":42}},"loc":{"start":{"line":168,"column":51},"end":{"line":171,"column":4}},"line":168},"4":{"name":"validateSettingValue","decl":{"start":{"line":179,"column":16},"end":{"line":179,"column":null}},"loc":{"start":{"line":186,"column":2},"end":{"line":227,"column":null}},"line":186},"5":{"name":"isValidTheme","decl":{"start":{"line":233,"column":16},"end":{"line":233,"column":29}},"loc":{"start":{"line":233,"column":81},"end":{"line":235,"column":null}},"line":233},"6":{"name":"isValidDensity","decl":{"start":{"line":237,"column":16},"end":{"line":237,"column":null}},"loc":{"start":{"line":239,"column":51},"end":{"line":241,"column":null}},"line":239},"7":{"name":"isValidDateFormat","decl":{"start":{"line":243,"column":16},"end":{"line":243,"column":null}},"loc":{"start":{"line":245,"column":55},"end":{"line":247,"column":null}},"line":245},"8":{"name":"isValidDecimalSeparator","decl":{"start":{"line":249,"column":16},"end":{"line":249,"column":40}},"loc":{"start":{"line":249,"column":76},"end":{"line":251,"column":null}},"line":249}},"branchMap":{"0":{"loc":{"start":{"line":120,"column":2},"end":{"line":122,"column":null}},"type":"if","locations":[{"start":{"line":120,"column":2},"end":{"line":122,"column":null}},{"start":{},"end":{}}],"line":120},"1":{"loc":{"start":{"line":155,"column":2},"end":{"line":160,"column":null}},"type":"if","locations":[{"start":{"line":155,"column":2},"end":{"line":160,"column":null}},{"start":{},"end":{}}],"line":155},"2":{"loc":{"start":{"line":164,"column":2},"end":{"line":166,"column":null}},"type":"if","locations":[{"start":{"line":164,"column":2},"end":{"line":166,"column":null}},{"start":{},"end":{}}],"line":164},"3":{"loc":{"start":{"line":202,"column":2},"end":{"line":204,"column":null}},"type":"if","locations":[{"start":{"line":202,"column":2},"end":{"line":204,"column":null}},{"start":{},"end":{}}],"line":202},"4":{"loc":{"start":{"line":219,"column":2},"end":{"line":221,"column":null}},"type":"if","locations":[{"start":{"line":219,"column":2},"end":{"line":221,"column":null}},{"start":{},"end":{}}],"line":219},"5":{"loc":{"start":{"line":225,"column":11},"end":{"line":225,"column":null}},"type":"binary-expr","locations":[{"start":{"line":225,"column":11},"end":{"line":225,"column":46}},{"start":{"line":225,"column":46},"end":{"line":225,"column":null}}],"line":225},"6":{"loc":{"start":{"line":234,"column":9},"end":{"line":234,"column":null}},"type":"binary-expr","locations":[{"start":{"line":234,"column":9},"end":{"line":234,"column":38}},{"start":{"line":234,"column":38},"end":{"line":234,"column":null}}],"line":234},"7":{"loc":{"start":{"line":240,"column":9},"end":{"line":240,"column":null}},"type":"binary-expr","locations":[{"start":{"line":240,"column":9},"end":{"line":240,"column":38}},{"start":{"line":240,"column":38},"end":{"line":240,"column":null}}],"line":240},"8":{"loc":{"start":{"line":246,"column":9},"end":{"line":246,"column":null}},"type":"binary-expr","locations":[{"start":{"line":246,"column":9},"end":{"line":246,"column":38}},{"start":{"line":246,"column":38},"end":{"line":246,"column":null}}],"line":246},"9":{"loc":{"start":{"line":250,"column":9},"end":{"line":250,"column":null}},"type":"binary-expr","locations":[{"start":{"line":250,"column":9},"end":{"line":250,"column":38}},{"start":{"line":250,"column":38},"end":{"line":250,"column":null}}],"line":250}},"s":{"0":1,"1":1,"2":1,"3":1,"4":1,"5":1,"6":1,"7":1,"8":1,"9":0,"10":0,"11":0,"12":0,"13":0,"14":0,"15":0,"16":0,"17":0,"18":0,"19":0,"20":0,"21":0,"22":0,"23":0,"24":0,"25":0,"26":0,"27":0,"28":0,"29":0,"30":0,"31":0,"32":0,"33":0,"34":0,"35":0,"36":0,"37":0,"38":0,"39":0,"40":0,"41":0,"42":0,"43":0,"44":0,"45":0,"46":0},"f":{"0":0,"1":0,"2":0,"3":0,"4":0,"5":0,"6":0,"7":0,"8":0},"b":{"0":[0,0],"1":[0,0],"2":[0,0],"3":[0,0],"4":[0,0],"5":[0,0],"6":[0,0],"7":[0,0],"8":[0,0],"9":[0,0]},"meta":{"lastBranch":10,"lastFunction":9,"lastStatement":47,"seen":{"s:14:40:19:Infinity":0,"s:21:42:29:Infinity":1,"s:31:41:38:Infinity":2,"s:40:50:48:Infinity":3,"s:50:42:60:Infinity":4,"s:62:37:72:Infinity":5,"s:74:41:83:Infinity":6,"s:85:38:89:Infinity":7,"s:95:30:104:Infinity":8,"f:113:16:113:33":0,"s:118:17:118:Infinity":9,"b:120:2:122:Infinity:undefined:undefined:undefined:undefined":0,"s:120:2:122:Infinity":10,"s:121:4:121:Infinity":11,"s:124:17:127:Infinity":12,"f:124:41:124:42":1,"s:124:51:127:4":13,"s:129:2:129:Infinity":14,"f:135:16:135:Infinity":2,"s:143:47:152:Infinity":15,"s:154:17:154:Infinity":16,"b:155:2:160:Infinity:undefined:undefined:undefined:undefined":1,"s:155:2:160:Infinity":17,"s:156:4:159:Infinity":18,"s:162:17:162:Infinity":19,"b:164:2:166:Infinity:undefined:undefined:undefined:undefined":2,"s:164:2:166:Infinity":20,"s:165:4:165:Infinity":21,"s:168:17:171:Infinity":22,"f:168:41:168:42":3,"s:168:51:171:4":23,"s:173:2:173:Infinity":24,"f:179:16:179:Infinity":4,"s:187:34:187:Infinity":25,"s:188:14:188:Infinity":26,"s:190:52:199:Infinity":27,"s:201:25:201:Infinity":28,"b:202:2:204:Infinity:undefined:undefined:undefined:undefined":3,"s:202:2:204:Infinity":29,"s:203:4:203:Infinity":30,"s:207:26:207:Infinity":31,"s:208:16:208:Infinity":32,"s:209:15:209:Infinity":33,"s:211:2:214:Infinity":34,"s:211:15:211:18":35,"s:212:4:212:Infinity":36,"s:213:4:213:Infinity":37,"s:215:2:215:Infinity":38,"s:217:18:217:Infinity":39,"b:219:2:221:Infinity:undefined:undefined:undefined:undefined":4,"s:219:2:221:Infinity":40,"s:220:4:220:Infinity":41,"s:223:2:226:Infinity":42,"b:225:11:225:46:225:46:225:Infinity":5,"f:233:16:233:29":5,"s:234:2:234:Infinity":43,"b:234:9:234:38:234:38:234:Infinity":6,"f:237:16:237:Infinity":6,"s:240:2:240:Infinity":44,"b:240:9:240:38:240:38:240:Infinity":7,"f:243:16:243:Infinity":7,"s:246:2:246:Infinity":45,"b:246:9:246:38:246:38:246:Infinity":8,"f:249:16:249:40":8,"s:250:2:250:Infinity":46,"b:250:9:250:38:250:38:250:Infinity":9}}}
}
